#
# There is insufficient memory for the Java Runtime Environment to continue.
# Native memory allocation (malloc) failed to allocate 1155056 bytes for Chunk::new
# Possible reasons:
#   The system is out of physical RAM or swap space
#   In 32 bit mode, the process size limit was hit
# Possible solutions:
#   Reduce memory load on the system
#   Increase physical memory or swap space
#   Check if swap backing store is full
#   Use 64 bit Java on a 64 bit OS
#   Decrease Java heap size (-Xmx/-Xms)
#   Decrease number of Java threads
#   Decrease Java thread stack sizes (-Xss)
#   Set larger code cache with -XX:ReservedCodeCacheSize=
# This output file may be truncated or incomplete.
#
#  Out of Memory Error (allocation.cpp:388), pid=7056, tid=10956
#
# JRE version: Java(TM) SE Runtime Environment (8.0-b132) (build 1.8.0-b132)
# Java VM: Java HotSpot(TM) 64-Bit Server VM (25.0-b70 mixed mode windows-amd64 compressed oops)
# Failed to write core dump. Minidumps are not enabled by default on client versions of Windows
#

---------------  T H R E A D  ---------------

Current thread (0x0000000015087800):  JavaThread "C2 CompilerThread0" daemon [_thread_in_native, id=10956, stack(0x0000000016860000,0x0000000016960000)]

Stack: [0x0000000016860000,0x0000000016960000]
Native frames: (J=compiled Java code, j=interpreted, Vv=VM code, C=native code)
V  [jvm.dll+0x308e0a]
V  [jvm.dll+0x25df11]
V  [jvm.dll+0x25eb2f]
V  [jvm.dll+0x256505]
V  [jvm.dll+0xbcff5]
V  [jvm.dll+0xbd48c]
V  [jvm.dll+0x468bcc]
V  [jvm.dll+0x4363ab]
V  [jvm.dll+0x44113e]
V  [jvm.dll+0x4436c9]
V  [jvm.dll+0x427552]
V  [jvm.dll+0x96732]
V  [jvm.dll+0x96f23]
V  [jvm.dll+0x2232e4]
V  [jvm.dll+0x27baea]
C  [msvcr100.dll+0x21d9f]
C  [msvcr100.dll+0x21e3b]
C  [kernel32.dll+0x15a4d]
C  [ntdll.dll+0x2b831]


Current CompileTask:
C2:   4197 1180   !   4       com.android.dx.cf.code.BytecodeArray::parseInstruction (2764 bytes)


---------------  P R O C E S S  ---------------

Java Threads: ( => current thread )
  0x0000000016c3d800 JavaThread "pool-1-thread-4" [_thread_in_Java, id=5936, stack(0x00000000177a0000,0x00000000178a0000)]
  0x0000000016be6000 JavaThread "pool-1-thread-3" [_thread_blocked, id=8556, stack(0x00000000170d0000,0x00000000171d0000)]
  0x0000000016c1c000 JavaThread "pool-1-thread-2" [_thread_in_Java, id=5768, stack(0x0000000017680000,0x0000000017780000)]
  0x0000000016c19000 JavaThread "pool-2-thread-1" [_thread_blocked, id=8780, stack(0x0000000017510000,0x0000000017610000)]
  0x0000000016bd2800 JavaThread "pool-1-thread-1" [_thread_blocked, id=5564, stack(0x00000000173f0000,0x00000000174f0000)]
  0x00000000169aa000 JavaThread "Service Thread" daemon [_thread_blocked, id=6780, stack(0x0000000016fd0000,0x00000000170d0000)]
  0x000000001508c800 JavaThread "C1 CompilerThread2" daemon [_thread_blocked, id=12568, stack(0x0000000016e90000,0x0000000016f90000)]
  0x000000001508b800 JavaThread "C2 CompilerThread1" daemon [_thread_in_native, id=13224, stack(0x00000000162e0000,0x00000000163e0000)]
=>0x0000000015087800 JavaThread "C2 CompilerThread0" daemon [_thread_in_native, id=10956, stack(0x0000000016860000,0x0000000016960000)]
  0x0000000015086000 JavaThread "Attach Listener" daemon [_thread_blocked, id=11876, stack(0x0000000016740000,0x0000000016840000)]
  0x0000000015081000 JavaThread "Signal Dispatcher" daemon [_thread_blocked, id=8112, stack(0x0000000016560000,0x0000000016660000)]
  0x000000001501e000 JavaThread "Finalizer" daemon [_thread_blocked, id=8748, stack(0x00000000163e0000,0x00000000164e0000)]
  0x0000000015018800 JavaThread "Reference Handler" daemon [_thread_blocked, id=2980, stack(0x0000000016120000,0x0000000016220000)]
  0x00000000021de000 JavaThread "main" [_thread_blocked, id=12644, stack(0x0000000002480000,0x0000000002580000)]

Other Threads:
  0x0000000015015000 VMThread [stack: 0x0000000015f70000,0x0000000016070000] [id=7016]
  0x00000000169b3000 WatcherThread [stack: 0x0000000017260000,0x0000000017360000] [id=4432]

VM state:not at safepoint (normal execution)

VM Mutex/Monitor currently owned by a thread: None

Heap:
 PSYoungGen      total 15360K, used 10960K [0x00000000eab00000, 0x00000000ec600000, 0x0000000100000000)
  eden space 10240K, 71% used [0x00000000eab00000,0x00000000eb230158,0x00000000eb500000)
  from space 5120K, 70% used [0x00000000eb500000,0x00000000eb884030,0x00000000eba00000)
  to   space 5632K, 0% used [0x00000000ec080000,0x00000000ec080000,0x00000000ec600000)
 ParOldGen       total 64000K, used 10373K [0x00000000c0000000, 0x00000000c3e80000, 0x00000000eab00000)
  object space 64000K, 16% used [0x00000000c0000000,0x00000000c0a21600,0x00000000c3e80000)
 Metaspace       used 5558K, capacity 6704K, committed 6784K, reserved 1056768K
  class space    used 576K, capacity 616K, committed 640K, reserved 1048576K

Card table byte_map: [0x0000000011c10000,0x0000000011e20000] byte_map_base: 0x0000000011610000

Marking Bits: (ParMarkBitMap*) 0x00000000544b13b0
 Begin Bits: [0x0000000012490000, 0x0000000013490000)
 End Bits:   [0x0000000013490000, 0x0000000014490000)

Polling page: 0x0000000000330000

CodeCache: size=245760Kb used=4608Kb max_used=4608Kb free=241151Kb
 bounds [0x0000000002850000, 0x0000000002ce0000, 0x0000000011850000]
 total_blobs=1480 nmethods=1216 adapters=178
 compilation: enabled

Compilation events (10 events):
Event: 3.566 Thread 0x000000001508c800 1245       3       com.android.dx.rop.type.Type::compareTo (12 bytes)
Event: 3.566 Thread 0x000000001508c800 nmethod 1245 0x0000000002ccf690 code [0x0000000002ccf800, 0x0000000002ccfa08]
Event: 3.566 Thread 0x000000001508c800 1242       3       java.util.TreeMap$PrivateEntryIterator::hasNext (13 bytes)
Event: 3.566 Thread 0x000000001508c800 nmethod 1242 0x0000000002ccfb10 code [0x0000000002ccfc60, 0x0000000002ccfe10]
Event: 3.579 Thread 0x000000001508c800 1246       3       com.android.dx.rop.code.Rops::pickBinaryOp (158 bytes)
Event: 3.581 Thread 0x000000001508c800 nmethod 1246 0x0000000002ccfe90 code [0x0000000002cd00e0, 0x0000000002cd0ed8]
Event: 3.582 Thread 0x000000001508c800 1247       3       com.android.dx.rop.code.Rops::opPutField (97 bytes)
Event: 3.584 Thread 0x000000001508c800 nmethod 1247 0x0000000002cd1690 code [0x0000000002cd18c0, 0x0000000002cd2498]
Event: 3.936 Thread 0x000000001508c800 1250       2       com.android.dx.rop.code.RegisterSpecList::withoutLast (60 bytes)
Event: 3.937 Thread 0x000000001508c800 nmethod 1250 0x0000000002cd29d0 code [0x0000000002cd2ba0, 0x0000000002cd3128]

GC Heap History (10 events):
Event: 1.003 GC heap before
{Heap before GC invocations=7 (full 0):
 PSYoungGen      total 5120K, used 4826K [0x00000000eab00000, 0x00000000eb300000, 0x0000000100000000)
  eden space 3584K, 100% used [0x00000000eab00000,0x00000000eae80000,0x00000000eae80000)
  from space 1536K, 80% used [0x00000000eb080000,0x00000000eb1b69b0,0x00000000eb200000)
  to   space 2048K, 0% used [0x00000000eae80000,0x00000000eae80000,0x00000000eb080000)
 ParOldGen       total 64000K, used 1614K [0x00000000c0000000, 0x00000000c3e80000, 0x00000000eab00000)
  object space 64000K, 2% used [0x00000000c0000000,0x00000000c0193808,0x00000000c3e80000)
 Metaspace       used 5168K, capacity 6384K, committed 6528K, reserved 1056768K
  class space    used 571K, capacity 616K, committed 640K, reserved 1048576K
Event: 1.139 GC heap after
Heap after GC invocations=7 (full 0):
 PSYoungGen      total 5632K, used 1938K [0x00000000eab00000, 0x00000000eb600000, 0x0000000100000000)
  eden space 3584K, 0% used [0x00000000eab00000,0x00000000eab00000,0x00000000eae80000)
  from space 2048K, 94% used [0x00000000eae80000,0x00000000eb064a00,0x00000000eb080000)
  to   space 2048K, 0% used [0x00000000eb400000,0x00000000eb400000,0x00000000eb600000)
 ParOldGen       total 64000K, used 1742K [0x00000000c0000000, 0x00000000c3e80000, 0x00000000eab00000)
  object space 64000K, 2% used [0x00000000c0000000,0x00000000c01b3848,0x00000000c3e80000)
 Metaspace       used 5168K, capacity 6384K, committed 6528K, reserved 1056768K
  class space    used 571K, capacity 616K, committed 640K, reserved 1048576K
}
Event: 1.390 GC heap before
{Heap before GC invocations=8 (full 0):
 PSYoungGen      total 5632K, used 5522K [0x00000000eab00000, 0x00000000eb600000, 0x0000000100000000)
  eden space 3584K, 100% used [0x00000000eab00000,0x00000000eae80000,0x00000000eae80000)
  from space 2048K, 94% used [0x00000000eae80000,0x00000000eb064a00,0x00000000eb080000)
  to   space 2048K, 0% used [0x00000000eb400000,0x00000000eb400000,0x00000000eb600000)
 ParOldGen       total 64000K, used 1742K [0x00000000c0000000, 0x00000000c3e80000, 0x00000000eab00000)
  object space 64000K, 2% used [0x00000000c0000000,0x00000000c01b3848,0x00000000c3e80000)
 Metaspace       used 5425K, capacity 6576K, committed 6784K, reserved 1056768K
  class space    used 575K, capacity 616K, committed 640K, reserved 1048576K
Event: 1.726 GC heap after
Heap after GC invocations=8 (full 0):
 PSYoungGen      total 8704K, used 2045K [0x00000000eab00000, 0x00000000eb700000, 0x0000000100000000)
  eden space 6656K, 0% used [0x00000000eab00000,0x00000000eab00000,0x00000000eb180000)
  from space 2048K, 99% used [0x00000000eb400000,0x00000000eb5ff568,0x00000000eb600000)
  to   space 2560K, 0% used [0x00000000eb180000,0x00000000eb180000,0x00000000eb400000)
 ParOldGen       total 64000K, used 2131K [0x00000000c0000000, 0x00000000c3e80000, 0x00000000eab00000)
  object space 64000K, 3% used [0x00000000c0000000,0x00000000c0214e58,0x00000000c3e80000)
 Metaspace       used 5425K, capacity 6576K, committed 6784K, reserved 1056768K
  class space    used 575K, capacity 616K, committed 640K, reserved 1048576K
}
Event: 2.097 GC heap before
{Heap before GC invocations=9 (full 0):
 PSYoungGen      total 8704K, used 8701K [0x00000000eab00000, 0x00000000eb700000, 0x0000000100000000)
  eden space 6656K, 100% used [0x00000000eab00000,0x00000000eb180000,0x00000000eb180000)
  from space 2048K, 99% used [0x00000000eb400000,0x00000000eb5ff568,0x00000000eb600000)
  to   space 2560K, 0% used [0x00000000eb180000,0x00000000eb180000,0x00000000eb400000)
 ParOldGen       total 64000K, used 2131K [0x00000000c0000000, 0x00000000c3e80000, 0x00000000eab00000)
  object space 64000K, 3% used [0x00000000c0000000,0x00000000c0214e58,0x00000000c3e80000)
 Metaspace       used 5468K, capacity 6640K, committed 6784K, reserved 1056768K
  class space    used 575K, capacity 616K, committed 640K, reserved 1048576K
Event: 2.419 GC heap after
Heap after GC invocations=9 (full 0):
 PSYoungGen      total 9216K, used 2555K [0x00000000eab00000, 0x00000000ebe80000, 0x0000000100000000)
  eden space 6656K, 0% used [0x00000000eab00000,0x00000000eab00000,0x00000000eb180000)
  from space 2560K, 99% used [0x00000000eb180000,0x00000000eb3feea8,0x00000000eb400000)
  to   space 4608K, 0% used [0x00000000eba00000,0x00000000eba00000,0x00000000ebe80000)
 ParOldGen       total 64000K, used 5396K [0x00000000c0000000, 0x00000000c3e80000, 0x00000000eab00000)
  object space 64000K, 8% used [0x00000000c0000000,0x00000000c05451f0,0x00000000c3e80000)
 Metaspace       used 5468K, capacity 6640K, committed 6784K, reserved 1056768K
  class space    used 575K, capacity 616K, committed 640K, reserved 1048576K
}
Event: 2.571 GC heap before
{Heap before GC invocations=10 (full 0):
 PSYoungGen      total 9216K, used 9211K [0x00000000eab00000, 0x00000000ebe80000, 0x0000000100000000)
  eden space 6656K, 100% used [0x00000000eab00000,0x00000000eb180000,0x00000000eb180000)
  from space 2560K, 99% used [0x00000000eb180000,0x00000000eb3feea8,0x00000000eb400000)
  to   space 4608K, 0% used [0x00000000eba00000,0x00000000eba00000,0x00000000ebe80000)
 ParOldGen       total 64000K, used 5396K [0x00000000c0000000, 0x00000000c3e80000, 0x00000000eab00000)
  object space 64000K, 8% used [0x00000000c0000000,0x00000000c05451f0,0x00000000c3e80000)
 Metaspace       used 5495K, capacity 6640K, committed 6784K, reserved 1056768K
  class space    used 575K, capacity 616K, committed 640K, reserved 1048576K
Event: 2.776 GC heap after
Heap after GC invocations=10 (full 0):
 PSYoungGen      total 14848K, used 3936K [0x00000000eab00000, 0x00000000ebf80000, 0x0000000100000000)
  eden space 10240K, 0% used [0x00000000eab00000,0x00000000eab00000,0x00000000eb500000)
  from space 4608K, 85% used [0x00000000eba00000,0x00000000ebdd8010,0x00000000ebe80000)
  to   space 5120K, 0% used [0x00000000eb500000,0x00000000eb500000,0x00000000eba00000)
 ParOldGen       total 64000K, used 6702K [0x00000000c0000000, 0x00000000c3e80000, 0x00000000eab00000)
  object space 64000K, 10% used [0x00000000c0000000,0x00000000c068b818,0x00000000c3e80000)
 Metaspace       used 5495K, capacity 6640K, committed 6784K, reserved 1056768K
  class space    used 575K, capacity 616K, committed 640K, reserved 1048576K
}
Event: 3.093 GC heap before
{Heap before GC invocations=11 (full 0):
 PSYoungGen      total 14848K, used 14176K [0x00000000eab00000, 0x00000000ebf80000, 0x0000000100000000)
  eden space 10240K, 100% used [0x00000000eab00000,0x00000000eb500000,0x00000000eb500000)
  from space 4608K, 85% used [0x00000000eba00000,0x00000000ebdd8010,0x00000000ebe80000)
  to   space 5120K, 0% used [0x00000000eb500000,0x00000000eb500000,0x00000000eba00000)
 ParOldGen       total 64000K, used 6702K [0x00000000c0000000, 0x00000000c3e80000, 0x00000000eab00000)
  object space 64000K, 10% used [0x00000000c0000000,0x00000000c068b818,0x00000000c3e80000)
 Metaspace       used 5543K, capacity 6704K, committed 6784K, reserved 1056768K
  class space    used 575K, capacity 616K, committed 640K, reserved 1048576K
Event: 3.510 GC heap after
Heap after GC invocations=11 (full 0):
 PSYoungGen      total 15360K, used 3600K [0x00000000eab00000, 0x00000000ec600000, 0x0000000100000000)
  eden space 10240K, 0% used [0x00000000eab00000,0x00000000eab00000,0x00000000eb500000)
  from space 5120K, 70% used [0x00000000eb500000,0x00000000eb884030,0x00000000eba00000)
  to   space 5632K, 0% used [0x00000000ec080000,0x00000000ec080000,0x00000000ec600000)
 ParOldGen       total 64000K, used 10373K [0x00000000c0000000, 0x00000000c3e80000, 0x00000000eab00000)
  object space 64000K, 16% used [0x00000000c0000000,0x00000000c0a21600,0x00000000c3e80000)
 Metaspace       used 5543K, capacity 6704K, committed 6784K, reserved 1056768K
  class space    used 575K, capacity 616K, committed 640K, reserved 1048576K
}

Deoptimization events (5 events):
Event: 1.159 Thread 0x0000000016be6000 Uncommon trap: reason=unreached action=reinterpret pc=0x0000000002a4a384 method=com.android.dx.rop.cst.Constant.compareTo(Lcom/android/dx/rop/cst/Constant;)I @ 12
Event: 2.544 Thread 0x0000000016be6000 Uncommon trap: reason=class_check action=maybe_recompile pc=0x0000000002bd73d0 method=com.android.dx.cf.code.BytecodeArray.parseInstruction(ILcom/android/dx/cf/code/BytecodeArray$Visitor;)I @ 2062
Event: 2.993 Thread 0x0000000016be6000 Uncommon trap: reason=class_check action=maybe_recompile pc=0x0000000002bd73d0 method=com.android.dx.cf.code.BytecodeArray.parseInstruction(ILcom/android/dx/cf/code/BytecodeArray$Visitor;)I @ 2062
Event: 3.010 Thread 0x0000000016be6000 Uncommon trap: reason=class_check action=maybe_recompile pc=0x0000000002bd73d0 method=com.android.dx.cf.code.BytecodeArray.parseInstruction(ILcom/android/dx/cf/code/BytecodeArray$Visitor;)I @ 2062
Event: 3.033 Thread 0x0000000016be6000 Uncommon trap: reason=class_check action=maybe_recompile pc=0x0000000002bd73d0 method=com.android.dx.cf.code.BytecodeArray.parseInstruction(ILcom/android/dx/cf/code/BytecodeArray$Visitor;)I @ 2062

Internal exceptions (10 events):
Event: 0.973 Thread 0x0000000016c1c000 Exception <a 'java/security/PrivilegedActionException'> (0x00000000eae0c348) thrown at [D:\re\workspace\8-2-build-windows-amd64-cygwin\jdk8\2238\hotspot\src\share\vm\prims\jvm.cpp, line 1248]
Event: 0.973 Thread 0x0000000016c1c000 Exception <a 'java/security/PrivilegedActionException'> (0x00000000eae10bc8) thrown at [D:\re\workspace\8-2-build-windows-amd64-cygwin\jdk8\2238\hotspot\src\share\vm\prims\jvm.cpp, line 1248]
Event: 0.974 Thread 0x0000000016c1c000 Exception <a 'java/security/PrivilegedActionException'> (0x00000000eae165f8) thrown at [D:\re\workspace\8-2-build-windows-amd64-cygwin\jdk8\2238\hotspot\src\share\vm\prims\jvm.cpp, line 1248]
Event: 0.975 Thread 0x0000000016c1c000 Exception <a 'java/security/PrivilegedActionException'> (0x00000000eae1f4a0) thrown at [D:\re\workspace\8-2-build-windows-amd64-cygwin\jdk8\2238\hotspot\src\share\vm\prims\jvm.cpp, line 1248]
Event: 0.976 Thread 0x0000000016c1c000 Exception <a 'java/security/PrivilegedActionException'> (0x00000000eae24b00) thrown at [D:\re\workspace\8-2-build-windows-amd64-cygwin\jdk8\2238\hotspot\src\share\vm\prims\jvm.cpp, line 1248]
Event: 0.977 Thread 0x0000000016c1c000 Exception <a 'java/security/PrivilegedActionException'> (0x00000000eae27b00) thrown at [D:\re\workspace\8-2-build-windows-amd64-cygwin\jdk8\2238\hotspot\src\share\vm\prims\jvm.cpp, line 1248]
Event: 0.980 Thread 0x00000000021de000 Exception <a 'java/security/PrivilegedActionException'> (0x00000000eac54860) thrown at [D:\re\workspace\8-2-build-windows-amd64-cygwin\jdk8\2238\hotspot\src\share\vm\prims\jvm.cpp, line 1248]
Event: 0.986 Thread 0x00000000021de000 Exception <a 'java/security/PrivilegedActionException'> (0x00000000eae5b570) thrown at [D:\re\workspace\8-2-build-windows-amd64-cygwin\jdk8\2238\hotspot\src\share\vm\prims\jvm.cpp, line 1248]
Event: 1.149 Thread 0x0000000016be6000 Exception <a 'java/security/PrivilegedActionException'> (0x00000000eab41070) thrown at [D:\re\workspace\8-2-build-windows-amd64-cygwin\jdk8\2238\hotspot\src\share\vm\prims\jvm.cpp, line 1248]
Event: 1.230 Thread 0x0000000016be6000 Exception <a 'java/security/PrivilegedActionException'> (0x00000000ead74ea0) thrown at [D:\re\workspace\8-2-build-windows-amd64-cygwin\jdk8\2238\hotspot\src\share\vm\prims\jvm.cpp, line 1248]

Events (10 events):
Event: 3.069 Executing VM operation: ParallelGCFailedAllocation
Event: 3.510 Executing VM operation: ParallelGCFailedAllocation done
Event: 3.517 Thread 0x0000000016be6000 DEOPT PACKING pc=0x0000000002bfab95 sp=0x00000000171ced00
Event: 3.517 Thread 0x0000000016be6000 DEOPT UNPACKING pc=0x0000000002897604 sp=0x00000000171cea98 mode 0
Event: 3.542 loading class java/util/TreeMap$EntrySet
Event: 3.542 loading class java/util/TreeMap$EntrySet done
Event: 3.543 loading class java/util/TreeMap$EntryIterator
Event: 3.543 loading class java/util/TreeMap$EntryIterator done
Event: 3.543 Executing VM operation: Deoptimize
Event: 3.544 Executing VM operation: Deoptimize done


Dynamic libraries:
0x000000013fa20000 - 0x000000013fa54000 	C:\Program Files\Java\jdk1.8.0\bin\java.exe
0x00000000773e0000 - 0x0000000077589000 	C:\Windows\SYSTEM32\ntdll.dll
0x00000000771c0000 - 0x00000000772e0000 	C:\Windows\system32\kernel32.dll
0x000007fefd2d0000 - 0x000007fefd33c000 	C:\Windows\system32\KERNELBASE.dll
0x000007fefe460000 - 0x000007fefe53b000 	C:\Windows\system32\ADVAPI32.dll
0x000007feff520000 - 0x000007feff5bf000 	C:\Windows\system32\msvcrt.dll
0x000007fefe5b0000 - 0x000007fefe5cf000 	C:\Windows\SYSTEM32\sechost.dll
0x000007feff5c0000 - 0x000007feff6ed000 	C:\Windows\system32\RPCRT4.dll
0x00000000772e0000 - 0x00000000773da000 	C:\Windows\system32\USER32.dll
0x000007fefe540000 - 0x000007fefe5a7000 	C:\Windows\system32\GDI32.dll
0x000007fefd9c0000 - 0x000007fefd9ce000 	C:\Windows\system32\LPK.dll
0x000007fefd9d0000 - 0x000007fefda99000 	C:\Windows\system32\USP10.dll
0x000007fefbe40000 - 0x000007fefc034000 	C:\Windows\WinSxS\amd64_microsoft.windows.common-controls_6595b64144ccf1df_6.0.7601.18837_none_fa3b1e3d17594757\COMCTL32.dll
0x000007fefe3e0000 - 0x000007fefe451000 	C:\Windows\system32\SHLWAPI.dll
0x000007fefe000000 - 0x000007fefe02e000 	C:\Windows\system32\IMM32.DLL
0x000007fefe660000 - 0x000007fefe769000 	C:\Windows\system32\MSCTF.dll
0x0000000066b00000 - 0x0000000066bd2000 	C:\Program Files\Java\jdk1.8.0\jre\bin\msvcr100.dll
0x0000000053d00000 - 0x000000005452a000 	C:\Program Files\Java\jdk1.8.0\jre\bin\server\jvm.dll
0x000007fefc980000 - 0x000007fefc989000 	C:\Windows\system32\WSOCK32.dll
0x000007fefe2b0000 - 0x000007fefe2fd000 	C:\Windows\system32\WS2_32.dll
0x000007fefe650000 - 0x000007fefe658000 	C:\Windows\system32\NSI.dll
0x000007fefb370000 - 0x000007fefb3ab000 	C:\Windows\system32\WINMM.dll
0x00000000775b0000 - 0x00000000775b7000 	C:\Windows\system32\PSAPI.DLL
0x0000000074000000 - 0x000000007400f000 	C:\Program Files\Java\jdk1.8.0\jre\bin\verify.dll
0x0000000073fd0000 - 0x0000000073ff8000 	C:\Program Files\Java\jdk1.8.0\jre\bin\java.dll
0x0000000073fb0000 - 0x0000000073fc6000 	C:\Program Files\Java\jdk1.8.0\jre\bin\zip.dll
0x000007fefe790000 - 0x000007feff519000 	C:\Windows\system32\SHELL32.dll
0x000007fefd540000 - 0x000007fefd743000 	C:\Windows\system32\ole32.dll
0x000007fefd190000 - 0x000007fefd19f000 	C:\Windows\system32\profapi.dll
0x000007fedeb40000 - 0x000007fedec65000 	C:\Windows\system32\dbghelp.dll

VM Arguments:
jvm_args: -Xmx1024M -Dfile.encoding=windows-1252 -Duser.country=US -Duser.language=en -Duser.variant 
java_command: com.android.dx.command.Main --dex --num-threads=4 --output C:\Users\Donner\AndroidStudioProjects\TransportActiveAgeing\app\build\intermediates\pre-dexed\debug\classes-29e6e39a20ef11497ec9afd90ef5b6869165d0ac.jar C:\Users\Donner\AndroidStudioProjects\TransportActiveAgeing\app\build\intermediates\exploded-aar\com.google.android.gms\play-services\6.5.87\jars\classes.jar
java_class_path (initial): C:\Users\Donner\AppData\Local\Android\sdk\build-tools\23.0.1\lib\dx.jar
Launcher Type: SUN_STANDARD

Environment Variables:
JAVA_HOME=C:\Program Files\Java\jdk1.8.0
PATH=C:\Windows\System32;C:\Windows\System32
USERNAME=Donner
OS=Windows_NT
PROCESSOR_IDENTIFIER=Intel64 Family 6 Model 58 Stepping 9, GenuineIntel



---------------  S Y S T E M  ---------------

OS: Windows 7 , 64 bit Build 7601 Service Pack 1

CPU:total 4 (2 cores per cpu, 2 threads per core) family 6 model 58 stepping 9, cmov, cx8, fxsr, mmx, sse, sse2, sse3, ssse3, sse4.1, sse4.2, popcnt, avx, aes, clmul, erms, ht, tsc, tscinvbit

Memory: 4k page, physical 4096804k(606444k free), swap 6715220k(5096k free)

vm_info: Java HotSpot(TM) 64-Bit Server VM (25.0-b70) for windows-amd64 JRE (1.8.0-b132), built on Mar  4 2014 03:46:18 by "java_re" with MS VC++ 10.0 (VS2010)

time: Thu Nov 12 19:05:06 2015
elapsed time: 4 seconds

