#
# There is insufficient memory for the Java Runtime Environment to continue.
# Native memory allocation (malloc) failed to allocate 1436256 bytes for Chunk::new
# Possible reasons:
#   The system is out of physical RAM or swap space
#   In 32 bit mode, the process size limit was hit
# Possible solutions:
#   Reduce memory load on the system
#   Increase physical memory or swap space
#   Check if swap backing store is full
#   Use 64 bit Java on a 64 bit OS
#   Decrease Java heap size (-Xmx/-Xms)
#   Decrease number of Java threads
#   Decrease Java thread stack sizes (-Xss)
#   Set larger code cache with -XX:ReservedCodeCacheSize=
# This output file may be truncated or incomplete.
#
#  Out of Memory Error (allocation.cpp:388), pid=11000, tid=2552
#
# JRE version: Java(TM) SE Runtime Environment (8.0-b132) (build 1.8.0-b132)
# Java VM: Java HotSpot(TM) 64-Bit Server VM (25.0-b70 mixed mode windows-amd64 compressed oops)
# Failed to write core dump. Minidumps are not enabled by default on client versions of Windows
#

---------------  T H R E A D  ---------------

Current thread (0x00000000151a3800):  JavaThread "C2 CompilerThread0" daemon [_thread_in_native, id=2552, stack(0x00000000121b0000,0x00000000122b0000)]

Stack: [0x00000000121b0000,0x00000000122b0000]
Native frames: (J=compiled Java code, j=interpreted, Vv=VM code, C=native code)
V  [jvm.dll+0x308e0a]


Current CompileTask:
C2:  10280 2149       4       com.android.dx.cf.code.Simulator$SimVisitor::visitConstant (332 bytes)


---------------  P R O C E S S  ---------------

Java Threads: ( => current thread )
  0x00000000171d0800 JavaThread "pool-1-thread-4" [_thread_blocked, id=10404, stack(0x0000000017b00000,0x0000000017c00000)]
  0x00000000171cf800 JavaThread "pool-1-thread-3" [_thread_blocked, id=5136, stack(0x0000000017990000,0x0000000017a90000)]
  0x0000000017206000 JavaThread "pool-1-thread-2" [_thread_blocked, id=7716, stack(0x00000000174a0000,0x00000000175a0000)]
  0x00000000171ec800 JavaThread "pool-2-thread-1" [_thread_blocked, id=3264, stack(0x0000000017770000,0x0000000017870000)]
  0x00000000171e8800 JavaThread "pool-1-thread-1" [_thread_blocked, id=12404, stack(0x00000000175a0000,0x00000000176a0000)]
  0x00000000151ae800 JavaThread "Service Thread" daemon [_thread_blocked, id=9212, stack(0x0000000016e70000,0x0000000016f70000)]
  0x00000000151a9800 JavaThread "C1 CompilerThread2" daemon [_thread_blocked, id=4800, stack(0x0000000016cd0000,0x0000000016dd0000)]
  0x00000000151a8000 JavaThread "C2 CompilerThread1" daemon [_thread_in_native, id=12932, stack(0x0000000016a60000,0x0000000016b60000)]
=>0x00000000151a3800 JavaThread "C2 CompilerThread0" daemon [_thread_in_native, id=2552, stack(0x00000000121b0000,0x00000000122b0000)]
  0x00000000151a2800 JavaThread "Attach Listener" daemon [_thread_blocked, id=3144, stack(0x0000000016380000,0x0000000016480000)]
  0x00000000151a1000 JavaThread "Signal Dispatcher" daemon [_thread_blocked, id=2812, stack(0x0000000016850000,0x0000000016950000)]
  0x0000000015143800 JavaThread "Finalizer" daemon [_thread_blocked, id=5132, stack(0x0000000016660000,0x0000000016760000)]
  0x0000000015138800 JavaThread "Reference Handler" daemon [_thread_blocked, id=7472, stack(0x0000000016540000,0x0000000016640000)]
  0x000000000223e000 JavaThread "main" [_thread_blocked, id=12740, stack(0x0000000002550000,0x0000000002650000)]

Other Threads:
  0x0000000015135000 VMThread [stack: 0x0000000016270000,0x0000000016370000] [id=312]
  0x0000000016fc8000 WatcherThread [stack: 0x00000000173a0000,0x00000000174a0000] [id=9356]

VM state:not at safepoint (normal execution)

VM Mutex/Monitor currently owned by a thread: None

Heap:
 PSYoungGen      total 74240K, used 50613K [0x00000000eab00000, 0x00000000efe00000, 0x0000000100000000)
  eden space 65024K, 67% used [0x00000000eab00000,0x00000000ed5ad558,0x00000000eea80000)
  from space 9216K, 75% used [0x00000000ef400000,0x00000000efac0010,0x00000000efd00000)
  to   space 9728K, 0% used [0x00000000eea80000,0x00000000eea80000,0x00000000ef400000)
 ParOldGen       total 64000K, used 29655K [0x00000000c0000000, 0x00000000c3e80000, 0x00000000eab00000)
  object space 64000K, 46% used [0x00000000c0000000,0x00000000c1cf5c90,0x00000000c3e80000)
 Metaspace       used 6005K, capacity 7026K, committed 7296K, reserved 1056768K
  class space    used 605K, capacity 618K, committed 640K, reserved 1048576K

Card table byte_map: [0x0000000011ce0000,0x0000000011ef0000] byte_map_base: 0x00000000116e0000

Marking Bits: (ParMarkBitMap*) 0x00000000544b13b0
 Begin Bits: [0x00000000125b0000, 0x00000000135b0000)
 End Bits:   [0x00000000135b0000, 0x00000000145b0000)

Polling page: 0x0000000001c60000

CodeCache: size=245760Kb used=8848Kb max_used=8861Kb free=236912Kb
 bounds [0x0000000002920000, 0x00000000031e0000, 0x0000000011920000]
 total_blobs=2266 nmethods=2001 adapters=178
 compilation: enabled

Compilation events (10 events):
Event: 10.124 Thread 0x00000000151a9800 2151   !   3       java.util.concurrent.ArrayBlockingQueue::take (46 bytes)
Event: 10.125 Thread 0x00000000151a9800 nmethod 2151 0x00000000031b4750 code [0x00000000031b4980, 0x00000000031b52f8]
Event: 10.139 Thread 0x00000000151a8000 nmethod 2147% 0x00000000031c8110 code [0x00000000031c83c0, 0x00000000031c9a50]
Event: 10.139 Thread 0x00000000151a8000 2148       4       com.android.dx.cf.code.BasicBlocker::visitConstant (39 bytes)
Event: 10.154 Thread 0x00000000151a3800 nmethod 2150 0x00000000031be9d0 code [0x00000000031bec00, 0x00000000031bfc80]
Event: 10.154 Thread 0x00000000151a3800 2149       4       com.android.dx.cf.code.Simulator$SimVisitor::visitConstant (332 bytes)
Event: 10.213 Thread 0x00000000151a8000 nmethod 2148 0x00000000031ce9d0 code [0x00000000031cebe0, 0x00000000031d03b8]
Event: 10.213 Thread 0x00000000151a8000 2153   !   4       com.android.dx.cf.direct.AttributeListParser::parse (323 bytes)
Event: 10.228 Thread 0x00000000151a8000 nmethod 2153 0x00000000031cbed0 code [0x00000000031cc080, 0x00000000031cc838]
Event: 10.228 Thread 0x00000000151a8000 2152   !   4       com.android.dx.rop.type.Prototype::intern (233 bytes)

GC Heap History (10 events):
Event: 4.190 GC heap before
{Heap before GC invocations=14 (full 0):
 PSYoungGen      total 22016K, used 20640K [0x00000000eab00000, 0x00000000ecf00000, 0x0000000100000000)
  eden space 18432K, 100% used [0x00000000eab00000,0x00000000ebd00000,0x00000000ebd00000)
  from space 3584K, 61% used [0x00000000ebd00000,0x00000000ebf28000,0x00000000ec080000)
  to   space 3584K, 0% used [0x00000000ecb80000,0x00000000ecb80000,0x00000000ecf00000)
 ParOldGen       total 64000K, used 9426K [0x00000000c0000000, 0x00000000c3e80000, 0x00000000eab00000)
  object space 64000K, 14% used [0x00000000c0000000,0x00000000c0934b00,0x00000000c3e80000)
 Metaspace       used 5788K, capacity 6960K, committed 7040K, reserved 1056768K
  class space    used 585K, capacity 616K, committed 640K, reserved 1048576K
Event: 4.218 GC heap after
Heap after GC invocations=14 (full 0):
 PSYoungGen      total 32768K, used 2759K [0x00000000eab00000, 0x00000000ed000000, 0x0000000100000000)
  eden space 29184K, 0% used [0x00000000eab00000,0x00000000eab00000,0x00000000ec780000)
  from space 3584K, 76% used [0x00000000ecb80000,0x00000000ece31dd0,0x00000000ecf00000)
  to   space 4096K, 0% used [0x00000000ec780000,0x00000000ec780000,0x00000000ecb80000)
 ParOldGen       total 64000K, used 11628K [0x00000000c0000000, 0x00000000c3e80000, 0x00000000eab00000)
  object space 64000K, 18% used [0x00000000c0000000,0x00000000c0b5b2d0,0x00000000c3e80000)
 Metaspace       used 5788K, capacity 6960K, committed 7040K, reserved 1056768K
  class space    used 585K, capacity 616K, committed 640K, reserved 1048576K
}
Event: 4.563 GC heap before
{Heap before GC invocations=15 (full 0):
 PSYoungGen      total 32768K, used 31943K [0x00000000eab00000, 0x00000000ed000000, 0x0000000100000000)
  eden space 29184K, 100% used [0x00000000eab00000,0x00000000ec780000,0x00000000ec780000)
  from space 3584K, 76% used [0x00000000ecb80000,0x00000000ece31dd0,0x00000000ecf00000)
  to   space 4096K, 0% used [0x00000000ec780000,0x00000000ec780000,0x00000000ecb80000)
 ParOldGen       total 64000K, used 11628K [0x00000000c0000000, 0x00000000c3e80000, 0x00000000eab00000)
  object space 64000K, 18% used [0x00000000c0000000,0x00000000c0b5b2d0,0x00000000c3e80000)
 Metaspace       used 5908K, capacity 6962K, committed 7040K, reserved 1056768K
  class space    used 604K, capacity 618K, committed 640K, reserved 1048576K
Event: 4.587 GC heap after
Heap after GC invocations=15 (full 0):
 PSYoungGen      total 33280K, used 4086K [0x00000000eab00000, 0x00000000ee400000, 0x0000000100000000)
  eden space 29184K, 0% used [0x00000000eab00000,0x00000000eab00000,0x00000000ec780000)
  from space 4096K, 99% used [0x00000000ec780000,0x00000000ecb7d9a0,0x00000000ecb80000)
  to   space 5632K, 0% used [0x00000000ede80000,0x00000000ede80000,0x00000000ee400000)
 ParOldGen       total 64000K, used 14352K [0x00000000c0000000, 0x00000000c3e80000, 0x00000000eab00000)
  object space 64000K, 22% used [0x00000000c0000000,0x00000000c0e04040,0x00000000c3e80000)
 Metaspace       used 5908K, capacity 6962K, committed 7040K, reserved 1056768K
  class space    used 604K, capacity 618K, committed 640K, reserved 1048576K
}
Event: 5.381 GC heap before
{Heap before GC invocations=16 (full 0):
 PSYoungGen      total 33280K, used 33270K [0x00000000eab00000, 0x00000000ee400000, 0x0000000100000000)
  eden space 29184K, 100% used [0x00000000eab00000,0x00000000ec780000,0x00000000ec780000)
  from space 4096K, 99% used [0x00000000ec780000,0x00000000ecb7d9a0,0x00000000ecb80000)
  to   space 5632K, 0% used [0x00000000ede80000,0x00000000ede80000,0x00000000ee400000)
 ParOldGen       total 64000K, used 14352K [0x00000000c0000000, 0x00000000c3e80000, 0x00000000eab00000)
  object space 64000K, 22% used [0x00000000c0000000,0x00000000c0e04040,0x00000000c3e80000)
 Metaspace       used 5941K, capacity 6962K, committed 7040K, reserved 1056768K
  class space    used 604K, capacity 618K, committed 640K, reserved 1048576K
Event: 5.439 GC heap after
Heap after GC invocations=16 (full 0):
 PSYoungGen      total 52224K, used 4800K [0x00000000eab00000, 0x00000000ee500000, 0x0000000100000000)
  eden space 46592K, 0% used [0x00000000eab00000,0x00000000eab00000,0x00000000ed880000)
  from space 5632K, 85% used [0x00000000ede80000,0x00000000ee330000,0x00000000ee400000)
  to   space 6144K, 0% used [0x00000000ed880000,0x00000000ed880000,0x00000000ede80000)
 ParOldGen       total 64000K, used 18214K [0x00000000c0000000, 0x00000000c3e80000, 0x00000000eab00000)
  object space 64000K, 28% used [0x00000000c0000000,0x00000000c11c9a68,0x00000000c3e80000)
 Metaspace       used 5941K, capacity 6962K, committed 7040K, reserved 1056768K
  class space    used 604K, capacity 618K, committed 640K, reserved 1048576K
}
Event: 6.774 GC heap before
{Heap before GC invocations=17 (full 0):
 PSYoungGen      total 52224K, used 51392K [0x00000000eab00000, 0x00000000ee500000, 0x0000000100000000)
  eden space 46592K, 100% used [0x00000000eab00000,0x00000000ed880000,0x00000000ed880000)
  from space 5632K, 85% used [0x00000000ede80000,0x00000000ee330000,0x00000000ee400000)
  to   space 6144K, 0% used [0x00000000ed880000,0x00000000ed880000,0x00000000ede80000)
 ParOldGen       total 64000K, used 18214K [0x00000000c0000000, 0x00000000c3e80000, 0x00000000eab00000)
  object space 64000K, 28% used [0x00000000c0000000,0x00000000c11c9a68,0x00000000c3e80000)
 Metaspace       used 5951K, capacity 6962K, committed 7040K, reserved 1056768K
  class space    used 604K, capacity 618K, committed 640K, reserved 1048576K
Event: 6.827 GC heap after
Heap after GC invocations=17 (full 0):
 PSYoungGen      total 52736K, used 6118K [0x00000000eab00000, 0x00000000efd00000, 0x0000000100000000)
  eden space 46592K, 0% used [0x00000000eab00000,0x00000000eab00000,0x00000000ed880000)
  from space 6144K, 99% used [0x00000000ed880000,0x00000000ede798d8,0x00000000ede80000)
  to   space 9216K, 0% used [0x00000000ef400000,0x00000000ef400000,0x00000000efd00000)
 ParOldGen       total 64000K, used 23611K [0x00000000c0000000, 0x00000000c3e80000, 0x00000000eab00000)
  object space 64000K, 36% used [0x00000000c0000000,0x00000000c170ecd0,0x00000000c3e80000)
 Metaspace       used 5951K, capacity 6962K, committed 7040K, reserved 1056768K
  class space    used 604K, capacity 618K, committed 640K, reserved 1048576K
}
Event: 8.649 GC heap before
{Heap before GC invocations=18 (full 0):
 PSYoungGen      total 52736K, used 52710K [0x00000000eab00000, 0x00000000efd00000, 0x0000000100000000)
  eden space 46592K, 100% used [0x00000000eab00000,0x00000000ed880000,0x00000000ed880000)
  from space 6144K, 99% used [0x00000000ed880000,0x00000000ede798d8,0x00000000ede80000)
  to   space 9216K, 0% used [0x00000000ef400000,0x00000000ef400000,0x00000000efd00000)
 ParOldGen       total 64000K, used 23611K [0x00000000c0000000, 0x00000000c3e80000, 0x00000000eab00000)
  object space 64000K, 36% used [0x00000000c0000000,0x00000000c170ecd0,0x00000000c3e80000)
 Metaspace       used 5970K, capacity 6962K, committed 7040K, reserved 1056768K
  class space    used 605K, capacity 618K, committed 640K, reserved 1048576K
Event: 8.724 GC heap after
Heap after GC invocations=18 (full 0):
 PSYoungGen      total 74240K, used 6912K [0x00000000eab00000, 0x00000000efe00000, 0x0000000100000000)
  eden space 65024K, 0% used [0x00000000eab00000,0x00000000eab00000,0x00000000eea80000)
  from space 9216K, 75% used [0x00000000ef400000,0x00000000efac0010,0x00000000efd00000)
  to   space 9728K, 0% used [0x00000000eea80000,0x00000000eea80000,0x00000000ef400000)
 ParOldGen       total 64000K, used 29655K [0x00000000c0000000, 0x00000000c3e80000, 0x00000000eab00000)
  object space 64000K, 46% used [0x00000000c0000000,0x00000000c1cf5c90,0x00000000c3e80000)
 Metaspace       used 5970K, capacity 6962K, committed 7040K, reserved 1056768K
  class space    used 605K, capacity 618K, committed 640K, reserved 1048576K
}

Deoptimization events (10 events):
Event: 4.434 Thread 0x00000000171cf800 Uncommon trap: reason=unreached action=reinterpret pc=0x0000000002d5128c method=java.util.HashMap.putVal(ILjava/lang/Object;Ljava/lang/Object;ZZ)Ljava/lang/Object; @ 109
Event: 4.554 Thread 0x000000000223e000 Uncommon trap: reason=unloaded action=reinterpret pc=0x0000000002f243f0 method=com.android.dx.cf.cst.ConstantPoolParser.parse0(ILjava/util/BitSet;)Lcom/android/dx/rop/cst/Constant; @ 220
Event: 7.026 Thread 0x0000000017206000 Uncommon trap: reason=bimorphic action=maybe_recompile pc=0x0000000002fb4bcc method=com.android.dx.ssa.LiteralOpUpgrader.tryReplacingWithConstant(Lcom/android/dx/ssa/NormalSsaInsn;)Z @ 62
Event: 8.393 Thread 0x00000000171cf800 Uncommon trap: reason=bimorphic action=maybe_recompile pc=0x0000000002fb4bcc method=com.android.dx.ssa.LiteralOpUpgrader.tryReplacingWithConstant(Lcom/android/dx/ssa/NormalSsaInsn;)Z @ 62
Event: 8.866 Thread 0x0000000017206000 Uncommon trap: reason=bimorphic action=maybe_recompile pc=0x0000000002fd6d50 method=com.android.dx.rop.code.RegisterSpec.getFrameType()Lcom/android/dx/rop/type/TypeBearer; @ 4
Event: 9.569 Thread 0x000000000223e000 Uncommon trap: reason=unreached action=reinterpret pc=0x00000000030cae58 method=com.android.dx.cf.direct.StdAttributeFactory.parse0(Lcom/android/dx/cf/direct/DirectClassFile;ILjava/lang/String;IILcom/android/dx/cf/iface/ParseObserver;)Lcom/android/dx/cf/ifåC3Ç›-#@
Event: 9.589 Thread 0x00000000171e8800 Uncommon trap: reason=class_check action=maybe_recompile pc=0x0000000003167770 method=com.android.dx.cf.code.Simulator$SimVisitor.visitLocal(IIIILcom/android/dx/rop/type/Type;I)V @ 246
Event: 9.626 Thread 0x00000000171cf800 Uncommon trap: reason=class_check action=maybe_recompile pc=0x0000000003167770 method=com.android.dx.cf.code.Simulator$SimVisitor.visitLocal(IIIILcom/android/dx/rop/type/Type;I)V @ 246
Event: 9.628 Thread 0x00000000171cf800 Uncommon trap: reason=class_check action=maybe_recompile pc=0x0000000003167770 method=com.android.dx.cf.code.Simulator$SimVisitor.visitLocal(IIIILcom/android/dx/rop/type/Type;I)V @ 246
Event: 9.645 Thread 0x0000000017206000 Uncommon trap: reason=class_check action=maybe_recompile pc=0x0000000003167770 method=com.android.dx.cf.code.Simulator$SimVisitor.visitLocal(IIIILcom/android/dx/rop/type/Type;I)V @ 246

Internal exceptions (10 events):
Event: 2.974 Thread 0x000000000223e000 Exception <a 'java/security/PrivilegedActionException'> (0x00000000ead077b0) thrown at [D:\re\workspace\8-2-build-windows-amd64-cygwin\jdk8\2238\hotspot\src\share\vm\prims\jvm.cpp, line 1248]
Event: 3.024 Thread 0x00000000171e8800 Exception <a 'java/security/PrivilegedActionException'> (0x00000000eaef0e70) thrown at [D:\re\workspace\8-2-build-windows-amd64-cygwin\jdk8\2238\hotspot\src\share\vm\prims\jvm.cpp, line 1248]
Event: 3.419 Thread 0x000000000223e000 Exception <a 'java/security/PrivilegedActionException'> (0x00000000eac2d400) thrown at [D:\re\workspace\8-2-build-windows-amd64-cygwin\jdk8\2238\hotspot\src\share\vm\prims\jvm.cpp, line 1248]
Event: 4.183 Thread 0x00000000171e8800 Exception <a 'java/security/PrivilegedActionException'> (0x00000000ebbef270) thrown at [D:\re\workspace\8-2-build-windows-amd64-cygwin\jdk8\2238\hotspot\src\share\vm\prims\jvm.cpp, line 1248]
Event: 4.290 Thread 0x00000000171cf800 Exception <a 'java/lang/ArrayIndexOutOfBoundsException': 18> (0x00000000eac43160) thrown at [D:\re\workspace\8-2-build-windows-amd64-cygwin\jdk8\2238\hotspot\src\share\vm\interpreter\interpreterRuntime.cpp, line 337]
Event: 4.290 Thread 0x00000000171cf800 Exception <a 'java/lang/ArrayIndexOutOfBoundsException': 145> (0x00000000eac44bf8) thrown at [D:\re\workspace\8-2-build-windows-amd64-cygwin\jdk8\2238\hotspot\src\share\vm\interpreter\interpreterRuntime.cpp, line 337]
Event: 4.291 Thread 0x00000000171cf800 Exception <a 'java/lang/ArrayIndexOutOfBoundsException'> (0x00000000eac45e10) thrown at [D:\re\workspace\8-2-build-windows-amd64-cygwin\jdk8\2238\hotspot\src\share\vm\runtime\sharedRuntime.cpp, line 595]
Event: 4.823 Thread 0x000000000223e000 Exception <a 'java/security/PrivilegedActionException'> (0x00000000eb3e8288) thrown at [D:\re\workspace\8-2-build-windows-amd64-cygwin\jdk8\2238\hotspot\src\share\vm\prims\jvm.cpp, line 1248]
Event: 7.650 Thread 0x000000000223e000 Exception <a 'java/security/PrivilegedActionException'> (0x00000000ebe0d100) thrown at [D:\re\workspace\8-2-build-windows-amd64-cygwin\jdk8\2238\hotspot\src\share\vm\prims\jvm.cpp, line 1248]
Event: 9.504 Thread 0x00000000171e8800 Exception <a 'java/security/PrivilegedActionException'> (0x00000000ec32e120) thrown at [D:\re\workspace\8-2-build-windows-amd64-cygwin\jdk8\2238\hotspot\src\share\vm\prims\jvm.cpp, line 1248]

Events (10 events):
Event: 9.628 Thread 0x00000000171cf800 Uncommon trap: trap_request=0xffffffde fr.pc=0x0000000003167770
Event: 9.628 Thread 0x00000000171cf800 DEOPT PACKING pc=0x0000000003167770 sp=0x0000000017a8e760
Event: 9.628 Thread 0x00000000171cf800 DEOPT UNPACKING pc=0x00000000029655af sp=0x0000000017a8e6f0 mode 2
Event: 9.645 Thread 0x0000000017206000 Uncommon trap: trap_request=0xffffffde fr.pc=0x0000000003167770
Event: 9.645 Thread 0x0000000017206000 DEOPT PACKING pc=0x0000000003167770 sp=0x000000001759eba0
Event: 9.645 Thread 0x0000000017206000 DEOPT UNPACKING pc=0x00000000029655af sp=0x000000001759eb30 mode 2
Event: 9.647 Thread 0x00000000171e8800 DEOPT PACKING pc=0x0000000002d71795 sp=0x000000001769e4d0
Event: 9.647 Thread 0x00000000171e8800 DEOPT UNPACKING pc=0x0000000002967604 sp=0x000000001769e310 mode 0
Event: 10.103 Thread 0x00000000171e8800 DEOPT PACKING pc=0x0000000002dab064 sp=0x000000001769e640
Event: 10.103 Thread 0x00000000171e8800 DEOPT UNPACKING pc=0x0000000002967604 sp=0x000000001769e400 mode 0


Dynamic libraries:
0x000000013f7e0000 - 0x000000013f814000 	C:\Program Files\Java\jdk1.8.0\bin\java.exe
0x00000000773e0000 - 0x0000000077589000 	C:\Windows\SYSTEM32\ntdll.dll
0x00000000771c0000 - 0x00000000772e0000 	C:\Windows\system32\kernel32.dll
0x000007fefd2d0000 - 0x000007fefd33c000 	C:\Windows\system32\KERNELBASE.dll
0x000007fefe460000 - 0x000007fefe53b000 	C:\Windows\system32\ADVAPI32.dll
0x000007feff520000 - 0x000007feff5bf000 	C:\Windows\system32\msvcrt.dll
0x000007fefe5b0000 - 0x000007fefe5cf000 	C:\Windows\SYSTEM32\sechost.dll
0x000007feff5c0000 - 0x000007feff6ed000 	C:\Windows\system32\RPCRT4.dll
0x00000000772e0000 - 0x00000000773da000 	C:\Windows\system32\USER32.dll
0x000007fefe540000 - 0x000007fefe5a7000 	C:\Windows\system32\GDI32.dll
0x000007fefd9c0000 - 0x000007fefd9ce000 	C:\Windows\system32\LPK.dll
0x000007fefd9d0000 - 0x000007fefda99000 	C:\Windows\system32\USP10.dll
0x000007fefbe40000 - 0x000007fefc034000 	C:\Windows\WinSxS\amd64_microsoft.windows.common-controls_6595b64144ccf1df_6.0.7601.18837_none_fa3b1e3d17594757\COMCTL32.dll
0x000007fefe3e0000 - 0x000007fefe451000 	C:\Windows\system32\SHLWAPI.dll
0x000007fefe000000 - 0x000007fefe02e000 	C:\Windows\system32\IMM32.DLL
0x000007fefe660000 - 0x000007fefe769000 	C:\Windows\system32\MSCTF.dll
0x0000000066ae0000 - 0x0000000066bb2000 	C:\Program Files\Java\jdk1.8.0\jre\bin\msvcr100.dll
0x0000000053d00000 - 0x000000005452a000 	C:\Program Files\Java\jdk1.8.0\jre\bin\server\jvm.dll
0x000007fefc980000 - 0x000007fefc989000 	C:\Windows\system32\WSOCK32.dll
0x000007fefe2b0000 - 0x000007fefe2fd000 	C:\Windows\system32\WS2_32.dll
0x000007fefe650000 - 0x000007fefe658000 	C:\Windows\system32\NSI.dll
0x000007fefb370000 - 0x000007fefb3ab000 	C:\Windows\system32\WINMM.dll
0x00000000775b0000 - 0x00000000775b7000 	C:\Windows\system32\PSAPI.DLL
0x0000000074010000 - 0x000000007401f000 	C:\Program Files\Java\jdk1.8.0\jre\bin\verify.dll
0x0000000073fe0000 - 0x0000000074008000 	C:\Program Files\Java\jdk1.8.0\jre\bin\java.dll
0x0000000073fc0000 - 0x0000000073fd6000 	C:\Program Files\Java\jdk1.8.0\jre\bin\zip.dll
0x000007fefe790000 - 0x000007feff519000 	C:\Windows\system32\SHELL32.dll
0x000007fefd540000 - 0x000007fefd743000 	C:\Windows\system32\ole32.dll
0x000007fefd190000 - 0x000007fefd19f000 	C:\Windows\system32\profapi.dll

VM Arguments:
jvm_args: -Xmx1024M -Dfile.encoding=windows-1252 -Duser.country=US -Duser.language=en -Duser.variant 
java_command: com.android.dx.command.Main --dex --num-threads=4 --output C:\Users\Donner\AndroidStudioProjects\TransportActiveAgeing\app\build\intermediates\pre-dexed\debug\classes-0bdcf8d35009840f4c19505fef6d94619b75ebb4.jar C:\Users\Donner\AndroidStudioProjects\TransportActiveAgeing\app\build\intermediates\exploded-aar\com.android.support\appcompat-v7\23.1.0\jars\classes.jar
java_class_path (initial): C:\Users\Donner\AppData\Local\Android\sdk\build-tools\23.0.1\lib\dx.jar
Launcher Type: SUN_STANDARD

Environment Variables:
JAVA_HOME=C:\Program Files\Java\jdk1.8.0
PATH=C:\Windows\System32;C:\Windows\System32
USERNAME=Donner
OS=Windows_NT
PROCESSOR_IDENTIFIER=Intel64 Family 6 Model 58 Stepping 9, GenuineIntel



---------------  S Y S T E M  ---------------

OS: Windows 7 , 64 bit Build 7601 Service Pack 1

CPU:total 4 (2 cores per cpu, 2 threads per core) family 6 model 58 stepping 9, cmov, cx8, fxsr, mmx, sse, sse2, sse3, ssse3, sse4.1, sse4.2, popcnt, avx, aes, clmul, erms, ht, tsc, tscinvbit

Memory: 4k page, physical 4096804k(170032k free), swap 6715220k(5100k free)

vm_info: Java HotSpot(TM) 64-Bit Server VM (25.0-b70) for windows-amd64 JRE (1.8.0-b132), built on Mar  4 2014 03:46:18 by "java_re" with MS VC++ 10.0 (VS2010)

time: Thu Nov 12 18:51:48 2015
elapsed time: 10 seconds

