#
# There is insufficient memory for the Java Runtime Environment to continue.
# Native memory allocation (malloc) failed to allocate 524304 bytes for Chunk::new
# Possible reasons:
#   The system is out of physical RAM or swap space
#   In 32 bit mode, the process size limit was hit
# Possible solutions:
#   Reduce memory load on the system
#   Increase physical memory or swap space
#   Check if swap backing store is full
#   Use 64 bit Java on a 64 bit OS
#   Decrease Java heap size (-Xmx/-Xms)
#   Decrease number of Java threads
#   Decrease Java thread stack sizes (-Xss)
#   Set larger code cache with -XX:ReservedCodeCacheSize=
# This output file may be truncated or incomplete.
#
#  Out of Memory Error (allocation.cpp:388), pid=7312, tid=12084
#
# JRE version: Java(TM) SE Runtime Environment (8.0-b132) (build 1.8.0-b132)
# Java VM: Java HotSpot(TM) 64-Bit Server VM (25.0-b70 mixed mode windows-amd64 compressed oops)
# Failed to write core dump. Minidumps are not enabled by default on client versions of Windows
#

---------------  T H R E A D  ---------------

Current thread (0x0000000015128000):  JavaThread "C2 CompilerThread1" daemon [_thread_in_native, id=12084, stack(0x0000000016b10000,0x0000000016c10000)]

Stack: [0x0000000016b10000,0x0000000016c10000]
Native frames: (J=compiled Java code, j=interpreted, Vv=VM code, C=native code)
V  [jvm.dll+0x308e0a]


Current CompileTask:
C2:   9193 2231       4       com.android.dx.dex.code.DalvCode::finishProcessingIfNecessary (69 bytes)


---------------  P R O C E S S  ---------------

Java Threads: ( => current thread )
  0x000000001512f000 JavaThread "Service Thread" daemon [_thread_blocked, id=6876, stack(0x0000000016d90000,0x0000000016e90000)]
  0x0000000015129800 JavaThread "C1 CompilerThread2" daemon [_thread_blocked, id=7408, stack(0x0000000016c10000,0x0000000016d10000)]
=>0x0000000015128000 JavaThread "C2 CompilerThread1" daemon [_thread_in_native, id=12084, stack(0x0000000016b10000,0x0000000016c10000)]
  0x0000000015123800 JavaThread "C2 CompilerThread0" daemon [_thread_in_native, id=5496, stack(0x0000000016a10000,0x0000000016b10000)]
  0x0000000015122800 JavaThread "Attach Listener" daemon [_thread_blocked, id=2960, stack(0x0000000016840000,0x0000000016940000)]
  0x0000000015121000 JavaThread "Signal Dispatcher" daemon [_thread_blocked, id=12784, stack(0x0000000016660000,0x0000000016760000)]
  0x00000000150be000 JavaThread "Finalizer" daemon [_thread_blocked, id=9956, stack(0x0000000016450000,0x0000000016550000)]
  0x00000000150b8800 JavaThread "Reference Handler" daemon [_thread_blocked, id=4332, stack(0x0000000016290000,0x0000000016390000)]
  0x000000000228e000 JavaThread "main" [_thread_in_Java, id=9240, stack(0x00000000024a0000,0x00000000025a0000)]

Other Threads:
  0x00000000150b5000 VMThread [stack: 0x00000000160e0000,0x00000000161e0000] [id=7592]
  0x0000000016e90800 WatcherThread [stack: 0x0000000017300000,0x0000000017400000] [id=11524]

VM state:not at safepoint (normal execution)

VM Mutex/Monitor currently owned by a thread: None

Heap:
 PSYoungGen      total 30720K, used 26599K [0x00000000eab00000, 0x00000000ecc80000, 0x0000000100000000)
  eden space 27136K, 87% used [0x00000000eab00000,0x00000000ec231c38,0x00000000ec580000)
  from space 3584K, 79% used [0x00000000ec900000,0x00000000ecbc8000,0x00000000ecc80000)
  to   space 3584K, 0% used [0x00000000ec580000,0x00000000ec580000,0x00000000ec900000)
 ParOldGen       total 64000K, used 12876K [0x00000000c0000000, 0x00000000c3e80000, 0x00000000eab00000)
  object space 64000K, 20% used [0x00000000c0000000,0x00000000c0c93238,0x00000000c3e80000)
 Metaspace       used 6331K, capacity 7376K, committed 7680K, reserved 1056768K
  class space    used 610K, capacity 648K, committed 768K, reserved 1048576K

Card table byte_map: [0x0000000011c30000,0x0000000011e40000] byte_map_base: 0x0000000011630000

Marking Bits: (ParMarkBitMap*) 0x00000000544b13b0
 Begin Bits: [0x0000000012530000, 0x0000000013530000)
 End Bits:   [0x0000000013530000, 0x0000000014530000)

Polling page: 0x0000000000130000

CodeCache: size=245760Kb used=9459Kb max_used=9459Kb free=236300Kb
 bounds [0x0000000002870000, 0x00000000031c0000, 0x0000000011870000]
 total_blobs=2574 nmethods=2308 adapters=179
 compilation: enabled

Compilation events (10 events):
Event: 9.151 Thread 0x0000000015129800 2323       3       com.android.dx.util.ByteArrayAnnotatedOutput::write (9 bytes)
Event: 9.151 Thread 0x0000000015129800 nmethod 2323 0x00000000031af2d0 code [0x00000000031af440, 0x00000000031af648]
Event: 9.151 Thread 0x0000000015129800 2324       3       com.android.dx.dex.file.DebugInfoItem::writeTo0 (58 bytes)
Event: 9.153 Thread 0x0000000015129800 nmethod 2324 0x00000000031af710 code [0x00000000031afa60, 0x00000000031b1488]
Event: 9.153 Thread 0x0000000015129800 2325       3       com.android.dx.util.ByteArrayAnnotatedOutput::write (129 bytes)
Event: 9.154 Thread 0x0000000015129800 nmethod 2325 0x00000000031b2390 code [0x00000000031b2600, 0x00000000031b3568]
Event: 9.156 Thread 0x0000000015129800 2326       1       com.android.dx.rop.annotation.Annotation::getVisibility (5 bytes)
Event: 9.156 Thread 0x0000000015129800 nmethod 2326 0x00000000031b3d50 code [0x00000000031b3ea0, 0x00000000031b3fb0]
Event: 9.156 Thread 0x0000000015129800 2327       3       com.android.dx.dex.file.ClassDataItem::writeTo0 (31 bytes)
Event: 9.157 Thread 0x0000000015129800 nmethod 2327 0x00000000031b4010 code [0x00000000031b41a0, 0x00000000031b45d8]

GC Heap History (10 events):
Event: 3.780 GC heap before
{Heap before GC invocations=12 (full 0):
 PSYoungGen      total 8704K, used 7904K [0x00000000eab00000, 0x00000000eb980000, 0x0000000100000000)
  eden space 6656K, 100% used [0x00000000eab00000,0x00000000eb180000,0x00000000eb180000)
  from space 2048K, 60% used [0x00000000eb180000,0x00000000eb2b8010,0x00000000eb380000)
  to   space 2048K, 0% used [0x00000000eb780000,0x00000000eb780000,0x00000000eb980000)
 ParOldGen       total 64000K, used 4769K [0x00000000c0000000, 0x00000000c3e80000, 0x00000000eab00000)
  object space 64000K, 7% used [0x00000000c0000000,0x00000000c04a8558,0x00000000c3e80000)
 Metaspace       used 5755K, capacity 6896K, committed 7040K, reserved 1056768K
  class space    used 584K, capacity 616K, committed 640K, reserved 1048576K
Event: 3.839 GC heap after
Heap after GC invocations=12 (full 0):
 PSYoungGen      total 12800K, used 1088K [0x00000000eab00000, 0x00000000eb980000, 0x0000000100000000)
  eden space 10752K, 0% used [0x00000000eab00000,0x00000000eab00000,0x00000000eb580000)
  from space 2048K, 53% used [0x00000000eb780000,0x00000000eb890000,0x00000000eb980000)
  to   space 2048K, 0% used [0x00000000eb580000,0x00000000eb580000,0x00000000eb780000)
 ParOldGen       total 64000K, used 5757K [0x00000000c0000000, 0x00000000c3e80000, 0x00000000eab00000)
  object space 64000K, 8% used [0x00000000c0000000,0x00000000c059f708,0x00000000c3e80000)
 Metaspace       used 5755K, capacity 6896K, committed 7040K, reserved 1056768K
  class space    used 584K, capacity 616K, committed 640K, reserved 1048576K
}
Event: 4.657 GC heap before
{Heap before GC invocations=13 (full 0):
 PSYoungGen      total 12800K, used 11840K [0x00000000eab00000, 0x00000000eb980000, 0x0000000100000000)
  eden space 10752K, 100% used [0x00000000eab00000,0x00000000eb580000,0x00000000eb580000)
  from space 2048K, 53% used [0x00000000eb780000,0x00000000eb890000,0x00000000eb980000)
  to   space 2048K, 0% used [0x00000000eb580000,0x00000000eb580000,0x00000000eb780000)
 ParOldGen       total 64000K, used 5757K [0x00000000c0000000, 0x00000000c3e80000, 0x00000000eab00000)
  object space 64000K, 8% used [0x00000000c0000000,0x00000000c059f708,0x00000000c3e80000)
 Metaspace       used 5818K, capacity 6960K, committed 7040K, reserved 1056768K
  class space    used 585K, capacity 616K, committed 640K, reserved 1048576K
Event: 4.672 GC heap after
Heap after GC invocations=13 (full 0):
 PSYoungGen      total 12800K, used 1760K [0x00000000eab00000, 0x00000000ec000000, 0x0000000100000000)
  eden space 10752K, 0% used [0x00000000eab00000,0x00000000eab00000,0x00000000eb580000)
  from space 2048K, 85% used [0x00000000eb580000,0x00000000eb738000,0x00000000eb780000)
  to   space 2048K, 0% used [0x00000000ebe00000,0x00000000ebe00000,0x00000000ec000000)
 ParOldGen       total 64000K, used 6783K [0x00000000c0000000, 0x00000000c3e80000, 0x00000000eab00000)
  object space 64000K, 10% used [0x00000000c0000000,0x00000000c069ff00,0x00000000c3e80000)
 Metaspace       used 5818K, capacity 6960K, committed 7040K, reserved 1056768K
  class space    used 585K, capacity 616K, committed 640K, reserved 1048576K
}
Event: 5.659 GC heap before
{Heap before GC invocations=14 (full 0):
 PSYoungGen      total 12800K, used 12512K [0x00000000eab00000, 0x00000000ec000000, 0x0000000100000000)
  eden space 10752K, 100% used [0x00000000eab00000,0x00000000eb580000,0x00000000eb580000)
  from space 2048K, 85% used [0x00000000eb580000,0x00000000eb738000,0x00000000eb780000)
  to   space 2048K, 0% used [0x00000000ebe00000,0x00000000ebe00000,0x00000000ec000000)
 ParOldGen       total 64000K, used 6783K [0x00000000c0000000, 0x00000000c3e80000, 0x00000000eab00000)
  object space 64000K, 10% used [0x00000000c0000000,0x00000000c069ff00,0x00000000c3e80000)
 Metaspace       used 5838K, capacity 6960K, committed 7040K, reserved 1056768K
  class space    used 585K, capacity 616K, committed 640K, reserved 1048576K
Event: 5.707 GC heap after
Heap after GC invocations=14 (full 0):
 PSYoungGen      total 18944K, used 1792K [0x00000000eab00000, 0x00000000ec100000, 0x0000000100000000)
  eden space 16896K, 0% used [0x00000000eab00000,0x00000000eab00000,0x00000000ebb80000)
  from space 2048K, 87% used [0x00000000ebe00000,0x00000000ebfc0010,0x00000000ec000000)
  to   space 2560K, 0% used [0x00000000ebb80000,0x00000000ebb80000,0x00000000ebe00000)
 ParOldGen       total 64000K, used 8399K [0x00000000c0000000, 0x00000000c3e80000, 0x00000000eab00000)
  object space 64000K, 13% used [0x00000000c0000000,0x00000000c0833ef8,0x00000000c3e80000)
 Metaspace       used 5838K, capacity 6960K, committed 7040K, reserved 1056768K
  class space    used 585K, capacity 616K, committed 640K, reserved 1048576K
}
Event: 7.003 GC heap before
{Heap before GC invocations=15 (full 0):
 PSYoungGen      total 18944K, used 18688K [0x00000000eab00000, 0x00000000ec100000, 0x0000000100000000)
  eden space 16896K, 100% used [0x00000000eab00000,0x00000000ebb80000,0x00000000ebb80000)
  from space 2048K, 87% used [0x00000000ebe00000,0x00000000ebfc0010,0x00000000ec000000)
  to   space 2560K, 0% used [0x00000000ebb80000,0x00000000ebb80000,0x00000000ebe00000)
 ParOldGen       total 64000K, used 8399K [0x00000000c0000000, 0x00000000c3e80000, 0x00000000eab00000)
  object space 64000K, 13% used [0x00000000c0000000,0x00000000c0833ef8,0x00000000c3e80000)
 Metaspace       used 5861K, capacity 6960K, committed 7040K, reserved 1056768K
  class space    used 585K, capacity 616K, committed 640K, reserved 1048576K
Event: 7.089 GC heap after
Heap after GC invocations=15 (full 0):
 PSYoungGen      total 19456K, used 2560K [0x00000000eab00000, 0x00000000ecc80000, 0x0000000100000000)
  eden space 16896K, 0% used [0x00000000eab00000,0x00000000eab00000,0x00000000ebb80000)
  from space 2560K, 100% used [0x00000000ebb80000,0x00000000ebe00000,0x00000000ebe00000)
  to   space 3584K, 0% used [0x00000000ec900000,0x00000000ec900000,0x00000000ecc80000)
 ParOldGen       total 64000K, used 10296K [0x00000000c0000000, 0x00000000c3e80000, 0x00000000eab00000)
  object space 64000K, 16% used [0x00000000c0000000,0x00000000c0a0e030,0x00000000c3e80000)
 Metaspace       used 5861K, capacity 6960K, committed 7040K, reserved 1056768K
  class space    used 585K, capacity 616K, committed 640K, reserved 1048576K
}
Event: 7.956 GC heap before
{Heap before GC invocations=16 (full 0):
 PSYoungGen      total 19456K, used 19456K [0x00000000eab00000, 0x00000000ecc80000, 0x0000000100000000)
  eden space 16896K, 100% used [0x00000000eab00000,0x00000000ebb80000,0x00000000ebb80000)
  from space 2560K, 100% used [0x00000000ebb80000,0x00000000ebe00000,0x00000000ebe00000)
  to   space 3584K, 0% used [0x00000000ec900000,0x00000000ec900000,0x00000000ecc80000)
 ParOldGen       total 64000K, used 10296K [0x00000000c0000000, 0x00000000c3e80000, 0x00000000eab00000)
  object space 64000K, 16% used [0x00000000c0000000,0x00000000c0a0e030,0x00000000c3e80000)
 Metaspace       used 5902K, capacity 7024K, committed 7296K, reserved 1056768K
  class space    used 585K, capacity 616K, committed 640K, reserved 1048576K
Event: 8.002 GC heap after
Heap after GC invocations=16 (full 0):
 PSYoungGen      total 30720K, used 2848K [0x00000000eab00000, 0x00000000ecc80000, 0x0000000100000000)
  eden space 27136K, 0% used [0x00000000eab00000,0x00000000eab00000,0x00000000ec580000)
  from space 3584K, 79% used [0x00000000ec900000,0x00000000ecbc8000,0x00000000ecc80000)
  to   space 3584K, 0% used [0x00000000ec580000,0x00000000ec580000,0x00000000ec900000)
 ParOldGen       total 64000K, used 12876K [0x00000000c0000000, 0x00000000c3e80000, 0x00000000eab00000)
  object space 64000K, 20% used [0x00000000c0000000,0x00000000c0c93238,0x00000000c3e80000)
 Metaspace       used 5902K, capacity 7024K, committed 7296K, reserved 1056768K
  class space    used 585K, capacity 616K, committed 640K, reserved 1048576K
}

Deoptimization events (10 events):
Event: 8.632 Thread 0x000000000228e000 Uncommon trap: reason=bimorphic action=maybe_recompile pc=0x000000000305d5d4 method=java.util.HashMap.putVal(ILjava/lang/Object;Ljava/lang/Object;ZZ)Ljava/lang/Object; @ 203
Event: 8.632 Thread 0x000000000228e000 Uncommon trap: reason=bimorphic action=maybe_recompile pc=0x000000000305d5d4 method=java.util.HashMap.putVal(ILjava/lang/Object;Ljava/lang/Object;ZZ)Ljava/lang/Object; @ 203
Event: 8.632 Thread 0x000000000228e000 Uncommon trap: reason=bimorphic action=maybe_recompile pc=0x000000000305d5d4 method=java.util.HashMap.putVal(ILjava/lang/Object;Ljava/lang/Object;ZZ)Ljava/lang/Object; @ 203
Event: 8.632 Thread 0x000000000228e000 Uncommon trap: reason=bimorphic action=maybe_recompile pc=0x000000000305d5d4 method=java.util.HashMap.putVal(ILjava/lang/Object;Ljava/lang/Object;ZZ)Ljava/lang/Object; @ 203
Event: 8.729 Thread 0x000000000228e000 Uncommon trap: reason=class_check action=maybe_recompile pc=0x0000000002b385a8 method=com.android.dx.util.FixedSizeList.equals(Ljava/lang/Object;)Z @ 25
Event: 8.729 Thread 0x000000000228e000 Uncommon trap: reason=class_check action=maybe_recompile pc=0x0000000002b385a8 method=com.android.dx.util.FixedSizeList.equals(Ljava/lang/Object;)Z @ 25
Event: 8.730 Thread 0x000000000228e000 Uncommon trap: reason=class_check action=maybe_recompile pc=0x0000000002b385a8 method=com.android.dx.util.FixedSizeList.equals(Ljava/lang/Object;)Z @ 25
Event: 8.730 Thread 0x000000000228e000 Uncommon trap: reason=class_check action=maybe_recompile pc=0x0000000002b385a8 method=com.android.dx.util.FixedSizeList.equals(Ljava/lang/Object;)Z @ 25
Event: 8.759 Thread 0x000000000228e000 Uncommon trap: reason=unreached action=reinterpret pc=0x000000000309a0cc method=com.android.dx.dex.code.OutputFinisher.findOpcodeForInsn(Lcom/android/dx/dex/code/DalvInsn;Lcom/android/dx/dex/code/Dop;)Lcom/android/dx/dex/code/Dop; @ 1
Event: 8.828 Thread 0x000000000228e000 Uncommon trap: reason=unreached action=reinterpret pc=0x00000000030ec854 method=com.android.dx.dex.code.LocalList$MakeState.aboutToProcess(II)V @ 86

Internal exceptions (10 events):
Event: 8.730 Thread 0x000000000228e000 Exception <a 'java/security/PrivilegedActionException'> (0x00000000ebc00f18) thrown at [D:\re\workspace\8-2-build-windows-amd64-cygwin\jdk8\2238\hotspot\src\share\vm\prims\jvm.cpp, line 1248]
Event: 8.730 Thread 0x000000000228e000 Exception <a 'java/security/PrivilegedActionException'> (0x00000000ebc04198) thrown at [D:\re\workspace\8-2-build-windows-amd64-cygwin\jdk8\2238\hotspot\src\share\vm\prims\jvm.cpp, line 1248]
Event: 8.757 Thread 0x000000000228e000 Exception <a 'java/security/PrivilegedActionException'> (0x00000000ebc2de20) thrown at [D:\re\workspace\8-2-build-windows-amd64-cygwin\jdk8\2238\hotspot\src\share\vm\prims\jvm.cpp, line 1248]
Event: 8.967 Thread 0x000000000228e000 Exception <a 'java/security/PrivilegedActionException'> (0x00000000ebebb4c0) thrown at [D:\re\workspace\8-2-build-windows-amd64-cygwin\jdk8\2238\hotspot\src\share\vm\prims\jvm.cpp, line 1248]
Event: 8.969 Thread 0x000000000228e000 Exception <a 'java/security/PrivilegedActionException'> (0x00000000ebec73e8) thrown at [D:\re\workspace\8-2-build-windows-amd64-cygwin\jdk8\2238\hotspot\src\share\vm\prims\jvm.cpp, line 1248]
Event: 8.969 Thread 0x000000000228e000 Exception <a 'java/security/PrivilegedActionException'> (0x00000000ebeca188) thrown at [D:\re\workspace\8-2-build-windows-amd64-cygwin\jdk8\2238\hotspot\src\share\vm\prims\jvm.cpp, line 1248]
Event: 9.024 Thread 0x000000000228e000 Exception <a 'java/security/PrivilegedActionException'> (0x00000000ec129f50) thrown at [D:\re\workspace\8-2-build-windows-amd64-cygwin\jdk8\2238\hotspot\src\share\vm\prims\jvm.cpp, line 1248]
Event: 9.050 Thread 0x000000000228e000 Exception <a 'java/security/PrivilegedActionException'> (0x00000000ec1d2240) thrown at [D:\re\workspace\8-2-build-windows-amd64-cygwin\jdk8\2238\hotspot\src\share\vm\prims\jvm.cpp, line 1248]
Event: 9.057 Thread 0x000000000228e000 Exception <a 'java/security/PrivilegedActionException'> (0x00000000ec1d7f10) thrown at [D:\re\workspace\8-2-build-windows-amd64-cygwin\jdk8\2238\hotspot\src\share\vm\prims\jvm.cpp, line 1248]
Event: 9.155 Thread 0x000000000228e000 Exception <a 'java/security/PrivilegedActionException'> (0x00000000ec21bc60) thrown at [D:\re\workspace\8-2-build-windows-amd64-cygwin\jdk8\2238\hotspot\src\share\vm\prims\jvm.cpp, line 1248]

Events (10 events):
Event: 9.157 loading class java/security/MessageDigest
Event: 9.157 loading class java/security/MessageDigestSpi
Event: 9.157 loading class java/security/MessageDigestSpi done
Event: 9.157 loading class java/security/MessageDigest done
Event: 9.157 loading class java/security/Security
Event: 9.158 loading class java/security/Security done
Event: 9.158 loading class java/security/Security$1
Event: 9.158 loading class java/security/Security$1 done
Event: 9.158 loading class java/util/Properties$LineReader
Event: 9.158 loading class java/util/Properties$LineReader done


Dynamic libraries:
0x000000013f7e0000 - 0x000000013f814000 	C:\Program Files\Java\jdk1.8.0\bin\java.exe
0x00000000773e0000 - 0x0000000077589000 	C:\Windows\SYSTEM32\ntdll.dll
0x00000000771c0000 - 0x00000000772e0000 	C:\Windows\system32\kernel32.dll
0x000007fefd2d0000 - 0x000007fefd33c000 	C:\Windows\system32\KERNELBASE.dll
0x000007fefe460000 - 0x000007fefe53b000 	C:\Windows\system32\ADVAPI32.dll
0x000007feff520000 - 0x000007feff5bf000 	C:\Windows\system32\msvcrt.dll
0x000007fefe5b0000 - 0x000007fefe5cf000 	C:\Windows\SYSTEM32\sechost.dll
0x000007feff5c0000 - 0x000007feff6ed000 	C:\Windows\system32\RPCRT4.dll
0x00000000772e0000 - 0x00000000773da000 	C:\Windows\system32\USER32.dll
0x000007fefe540000 - 0x000007fefe5a7000 	C:\Windows\system32\GDI32.dll
0x000007fefd9c0000 - 0x000007fefd9ce000 	C:\Windows\system32\LPK.dll
0x000007fefd9d0000 - 0x000007fefda99000 	C:\Windows\system32\USP10.dll
0x000007fefbe40000 - 0x000007fefc034000 	C:\Windows\WinSxS\amd64_microsoft.windows.common-controls_6595b64144ccf1df_6.0.7601.18837_none_fa3b1e3d17594757\COMCTL32.dll
0x000007fefe3e0000 - 0x000007fefe451000 	C:\Windows\system32\SHLWAPI.dll
0x000007fefe000000 - 0x000007fefe02e000 	C:\Windows\system32\IMM32.DLL
0x000007fefe660000 - 0x000007fefe769000 	C:\Windows\system32\MSCTF.dll
0x0000000066ae0000 - 0x0000000066bb2000 	C:\Program Files\Java\jdk1.8.0\jre\bin\msvcr100.dll
0x0000000053d00000 - 0x000000005452a000 	C:\Program Files\Java\jdk1.8.0\jre\bin\server\jvm.dll
0x000007fefc980000 - 0x000007fefc989000 	C:\Windows\system32\WSOCK32.dll
0x000007fefe2b0000 - 0x000007fefe2fd000 	C:\Windows\system32\WS2_32.dll
0x000007fefe650000 - 0x000007fefe658000 	C:\Windows\system32\NSI.dll
0x000007fefb370000 - 0x000007fefb3ab000 	C:\Windows\system32\WINMM.dll
0x00000000775b0000 - 0x00000000775b7000 	C:\Windows\system32\PSAPI.DLL
0x0000000074010000 - 0x000000007401f000 	C:\Program Files\Java\jdk1.8.0\jre\bin\verify.dll
0x0000000073fe0000 - 0x0000000074008000 	C:\Program Files\Java\jdk1.8.0\jre\bin\java.dll
0x0000000073fc0000 - 0x0000000073fd6000 	C:\Program Files\Java\jdk1.8.0\jre\bin\zip.dll
0x000007fefe790000 - 0x000007feff519000 	C:\Windows\system32\SHELL32.dll
0x000007fefd540000 - 0x000007fefd743000 	C:\Windows\system32\ole32.dll
0x000007fefd190000 - 0x000007fefd19f000 	C:\Windows\system32\profapi.dll
0x000007fedeb40000 - 0x000007fedec65000 	C:\Windows\system32\dbghelp.dll

VM Arguments:
jvm_args: -Xmx1024M -Dfile.encoding=windows-1252 -Duser.country=US -Duser.language=en -Duser.variant 
java_command: com.android.dx.command.Main --dex --num-threads=4 --output C:\Users\Donner\AndroidStudioProjects\TransportActiveAgeing\app\build\intermediates\pre-dexed\debug\internal_impl-23.1.0-78517a0fe0293da110473e668f495058e3cd3446.jar C:\Users\Donner\AndroidStudioProjects\TransportActiveAgeing\app\build\intermediates\exploded-aar\com.android.support\support-v4\23.1.0\jars\libs\internal_impl-23.1.0.jar
java_class_path (initial): C:\Users\Donner\AppData\Local\Android\sdk\build-tools\23.0.1\lib\dx.jar
Launcher Type: SUN_STANDARD

Environment Variables:
JAVA_HOME=C:\Program Files\Java\jdk1.8.0
PATH=C:\Windows\System32;C:\Windows\System32
USERNAME=Donner
OS=Windows_NT
PROCESSOR_IDENTIFIER=Intel64 Family 6 Model 58 Stepping 9, GenuineIntel



---------------  S Y S T E M  ---------------

OS: Windows 7 , 64 bit Build 7601 Service Pack 1

CPU:total 4 (2 cores per cpu, 2 threads per core) family 6 model 58 stepping 9, cmov, cx8, fxsr, mmx, sse, sse2, sse3, ssse3, sse4.1, sse4.2, popcnt, avx, aes, clmul, erms, ht, tsc, tscinvbit

Memory: 4k page, physical 4096804k(144876k free), swap 6715220k(5120k free)

vm_info: Java HotSpot(TM) 64-Bit Server VM (25.0-b70) for windows-amd64 JRE (1.8.0-b132), built on Mar  4 2014 03:46:18 by "java_re" with MS VC++ 10.0 (VS2010)

time: Thu Nov 12 18:52:49 2015
elapsed time: 9 seconds

