#
# There is insufficient memory for the Java Runtime Environment to continue.
# Native memory allocation (malloc) failed to allocate 990432 bytes for Chunk::new
# Possible reasons:
#   The system is out of physical RAM or swap space
#   In 32 bit mode, the process size limit was hit
# Possible solutions:
#   Reduce memory load on the system
#   Increase physical memory or swap space
#   Check if swap backing store is full
#   Use 64 bit Java on a 64 bit OS
#   Decrease Java heap size (-Xmx/-Xms)
#   Decrease number of Java threads
#   Decrease Java thread stack sizes (-Xss)
#   Set larger code cache with -XX:ReservedCodeCacheSize=
# This output file may be truncated or incomplete.
#
#  Out of Memory Error (allocation.cpp:388), pid=12216, tid=6740
#
# JRE version: Java(TM) SE Runtime Environment (8.0-b132) (build 1.8.0-b132)
# Java VM: Java HotSpot(TM) 64-Bit Server VM (25.0-b70 mixed mode windows-amd64 compressed oops)
# Failed to write core dump. Minidumps are not enabled by default on client versions of Windows
#

---------------  T H R E A D  ---------------

Current thread (0x0000000014fd8800):  JavaThread "C2 CompilerThread1" daemon [_thread_in_native, id=6740, stack(0x0000000016870000,0x0000000016970000)]

Stack: [0x0000000016870000,0x0000000016970000]
Native frames: (J=compiled Java code, j=interpreted, Vv=VM code, C=native code)
V  [jvm.dll+0x308e0a]


Current CompileTask:
C2:   8263 1520   !   4       com.android.dx.cf.code.Ropper::processBlock (1101 bytes)


---------------  P R O C E S S  ---------------

Java Threads: ( => current thread )
  0x0000000016c75000 JavaThread "pool-1-thread-4" [_thread_blocked, id=13184, stack(0x0000000017850000,0x0000000017950000)]
  0x0000000016c56800 JavaThread "pool-1-thread-3" [_thread_blocked, id=744, stack(0x00000000176f0000,0x00000000177f0000)]
  0x0000000016c04000 JavaThread "pool-1-thread-2" [_thread_blocked, id=2128, stack(0x0000000016db0000,0x0000000016eb0000)]
  0x0000000016be4800 JavaThread "pool-2-thread-1" [_thread_blocked, id=1220, stack(0x00000000175c0000,0x00000000176c0000)]
  0x0000000016bdf000 JavaThread "pool-1-thread-1" [_thread_blocked, id=11336, stack(0x00000000173c0000,0x00000000174c0000)]
  0x00000000169e3800 JavaThread "Service Thread" daemon [_thread_blocked, id=8856, stack(0x0000000017000000,0x0000000017100000)]
  0x0000000016970800 JavaThread "C1 CompilerThread2" daemon [_thread_blocked, id=7960, stack(0x0000000016f00000,0x0000000017000000)]
=>0x0000000014fd8800 JavaThread "C2 CompilerThread1" daemon [_thread_in_native, id=6740, stack(0x0000000016870000,0x0000000016970000)]
  0x0000000014fd4000 JavaThread "C2 CompilerThread0" daemon [_thread_in_native, id=12900, stack(0x0000000016770000,0x0000000016870000)]
  0x0000000014fd2800 JavaThread "Attach Listener" daemon [_thread_blocked, id=7236, stack(0x0000000016670000,0x0000000016770000)]
  0x0000000014fd1000 JavaThread "Signal Dispatcher" daemon [_thread_blocked, id=12592, stack(0x0000000016490000,0x0000000016590000)]
  0x0000000014f6d800 JavaThread "Finalizer" daemon [_thread_blocked, id=8640, stack(0x0000000016000000,0x0000000016100000)]
  0x0000000014f68800 JavaThread "Reference Handler" daemon [_thread_blocked, id=5148, stack(0x0000000016380000,0x0000000016480000)]
  0x0000000001e5e000 JavaThread "main" [_thread_blocked, id=12304, stack(0x00000000023f0000,0x00000000024f0000)]

Other Threads:
  0x0000000014f65000 VMThread [stack: 0x0000000016160000,0x0000000016260000] [id=11448]
  0x00000000169e5000 WatcherThread [stack: 0x00000000171b0000,0x00000000172b0000] [id=12028]

VM state:not at safepoint (normal execution)

VM Mutex/Monitor currently owned by a thread:  ([mutex/lock_event])
[0x0000000001e5c260] Heap_lock - owner thread: 0x0000000001e5e000

Heap:
 PSYoungGen      total 25088K, used 25083K [0x00000000eab00000, 0x00000000ed600000, 0x0000000100000000)
  eden space 21504K, 100% used [0x00000000eab00000,0x00000000ec000000,0x00000000ec000000)
  from space 3584K, 99% used [0x00000000ec000000,0x00000000ec37ef20,0x00000000ec380000)
  to   space 4608K, 0% used [0x00000000ed180000,0x00000000ed180000,0x00000000ed600000)
 ParOldGen       total 64000K, used 9937K [0x00000000c0000000, 0x00000000c3e80000, 0x00000000eab00000)
  object space 64000K, 15% used [0x00000000c0000000,0x00000000c09b44e0,0x00000000c3e80000)
 Metaspace       used 5883K, capacity 6962K, committed 7040K, reserved 1056768K
  class space    used 604K, capacity 618K, committed 640K, reserved 1048576K

Card table byte_map: [0x0000000011b80000,0x0000000011d90000] byte_map_base: 0x0000000011580000

Marking Bits: (ParMarkBitMap*) 0x00000000544b13b0
 Begin Bits: [0x00000000123e0000, 0x00000000133e0000)
 End Bits:   [0x00000000133e0000, 0x00000000143e0000)

Polling page: 0x00000000002b0000

CodeCache: size=245760Kb used=6605Kb max_used=6605Kb free=239154Kb
 bounds [0x00000000027c0000, 0x0000000002e40000, 0x00000000117c0000]
 total_blobs=1861 nmethods=1597 adapters=178
 compilation: enabled

Compilation events (10 events):
Event: 7.807 Thread 0x0000000016970800 1622       3       com.android.dx.dex.file.ClassDefItem::addInstanceField (9 bytes)
Event: 7.807 Thread 0x0000000016970800 nmethod 1622 0x0000000002e35a50 code [0x0000000002e35c00, 0x0000000002e36278]
Event: 7.810 Thread 0x0000000016970800 1623       3       java.util.concurrent.locks.ReentrantLock$Sync::tryRelease (45 bytes)
Event: 7.811 Thread 0x0000000016970800 nmethod 1623 0x0000000002e36610 code [0x0000000002e367a0, 0x0000000002e36d08]
Event: 7.811 Thread 0x0000000016970800 1624       3       java.util.Collections::unmodifiableCollection (9 bytes)
Event: 7.811 Thread 0x0000000016970800 nmethod 1624 0x0000000002e36e10 code [0x0000000002e36f80, 0x0000000002e372a8]
Event: 7.813 Thread 0x0000000016970800 1625       3       com.android.dx.util.Hex::u2 (44 bytes)
Event: 7.814 Thread 0x0000000016970800 nmethod 1625 0x0000000002e37410 code [0x0000000002e375c0, 0x0000000002e37bf8]
Event: 7.814 Thread 0x0000000016970800 1626       3       com.android.dx.cf.code.OneLocalsArray::makeInitialized (55 bytes)
Event: 7.815 Thread 0x0000000016970800 nmethod 1626 0x0000000002e37ed0 code [0x0000000002e38080, 0x0000000002e386d8]

GC Heap History (10 events):
Event: 3.538 GC heap before
{Heap before GC invocations=9 (full 0):
 PSYoungGen      total 10240K, used 9952K [0x00000000eab00000, 0x00000000eb700000, 0x0000000100000000)
  eden space 8192K, 100% used [0x00000000eab00000,0x00000000eb300000,0x00000000eb300000)
  from space 2048K, 85% used [0x00000000eb500000,0x00000000eb6b8018,0x00000000eb700000)
  to   space 2048K, 0% used [0x00000000eb300000,0x00000000eb300000,0x00000000eb500000)
 ParOldGen       total 64000K, used 1812K [0x00000000c0000000, 0x00000000c3e80000, 0x00000000eab00000)
  object space 64000K, 2% used [0x00000000c0000000,0x00000000c01c5298,0x00000000c3e80000)
 Metaspace       used 5616K, capacity 6768K, committed 7040K, reserved 1056768K
  class space    used 583K, capacity 616K, committed 640K, reserved 1048576K
Event: 4.202 GC heap after
Heap after GC invocations=9 (full 0):
 PSYoungGen      total 10240K, used 2019K [0x00000000eab00000, 0x00000000ebe00000, 0x0000000100000000)
  eden space 8192K, 0% used [0x00000000eab00000,0x00000000eab00000,0x00000000eb300000)
  from space 2048K, 98% used [0x00000000eb300000,0x00000000eb4f8f40,0x00000000eb500000)
  to   space 3072K, 0% used [0x00000000ebb00000,0x00000000ebb00000,0x00000000ebe00000)
 ParOldGen       total 64000K, used 2982K [0x00000000c0000000, 0x00000000c3e80000, 0x00000000eab00000)
  object space 64000K, 4% used [0x00000000c0000000,0x00000000c02e9a20,0x00000000c3e80000)
 Metaspace       used 5616K, capacity 6768K, committed 7040K, reserved 1056768K
  class space    used 583K, capacity 616K, committed 640K, reserved 1048576K
}
Event: 4.358 GC heap before
{Heap before GC invocations=10 (full 0):
 PSYoungGen      total 10240K, used 10211K [0x00000000eab00000, 0x00000000ebe00000, 0x0000000100000000)
  eden space 8192K, 100% used [0x00000000eab00000,0x00000000eb300000,0x00000000eb300000)
  from space 2048K, 98% used [0x00000000eb300000,0x00000000eb4f8f40,0x00000000eb500000)
  to   space 3072K, 0% used [0x00000000ebb00000,0x00000000ebb00000,0x00000000ebe00000)
 ParOldGen       total 64000K, used 2982K [0x00000000c0000000, 0x00000000c3e80000, 0x00000000eab00000)
  object space 64000K, 4% used [0x00000000c0000000,0x00000000c02e9a20,0x00000000c3e80000)
 Metaspace       used 5638K, capacity 6832K, committed 7040K, reserved 1056768K
  class space    used 583K, capacity 616K, committed 640K, reserved 1048576K
Event: 4.379 GC heap after
Heap after GC invocations=10 (full 0):
 PSYoungGen      total 16384K, used 2499K [0x00000000eab00000, 0x00000000ebe00000, 0x0000000100000000)
  eden space 13312K, 0% used [0x00000000eab00000,0x00000000eab00000,0x00000000eb800000)
  from space 3072K, 81% used [0x00000000ebb00000,0x00000000ebd70f38,0x00000000ebe00000)
  to   space 3072K, 0% used [0x00000000eb800000,0x00000000eb800000,0x00000000ebb00000)
 ParOldGen       total 64000K, used 3910K [0x00000000c0000000, 0x00000000c3e80000, 0x00000000eab00000)
  object space 64000K, 6% used [0x00000000c0000000,0x00000000c03d1a58,0x00000000c3e80000)
 Metaspace       used 5638K, capacity 6832K, committed 7040K, reserved 1056768K
  class space    used 583K, capacity 616K, committed 640K, reserved 1048576K
}
Event: 5.080 GC heap before
{Heap before GC invocations=11 (full 0):
 PSYoungGen      total 16384K, used 15811K [0x00000000eab00000, 0x00000000ebe00000, 0x0000000100000000)
  eden space 13312K, 100% used [0x00000000eab00000,0x00000000eb800000,0x00000000eb800000)
  from space 3072K, 81% used [0x00000000ebb00000,0x00000000ebd70f38,0x00000000ebe00000)
  to   space 3072K, 0% used [0x00000000eb800000,0x00000000eb800000,0x00000000ebb00000)
 ParOldGen       total 64000K, used 3910K [0x00000000c0000000, 0x00000000c3e80000, 0x00000000eab00000)
  object space 64000K, 6% used [0x00000000c0000000,0x00000000c03d1a58,0x00000000c3e80000)
 Metaspace       used 5720K, capacity 6896K, committed 7040K, reserved 1056768K
  class space    used 584K, capacity 616K, committed 640K, reserved 1048576K
Event: 5.133 GC heap after
Heap after GC invocations=11 (full 0):
 PSYoungGen      total 16384K, used 2041K [0x00000000eab00000, 0x00000000ec700000, 0x0000000100000000)
  eden space 13312K, 0% used [0x00000000eab00000,0x00000000eab00000,0x00000000eb800000)
  from space 3072K, 66% used [0x00000000eb800000,0x00000000eb9fe5a8,0x00000000ebb00000)
  to   space 3584K, 0% used [0x00000000ec380000,0x00000000ec380000,0x00000000ec700000)
 ParOldGen       total 64000K, used 5856K [0x00000000c0000000, 0x00000000c3e80000, 0x00000000eab00000)
  object space 64000K, 9% used [0x00000000c0000000,0x00000000c05b83a8,0x00000000c3e80000)
 Metaspace       used 5720K, capacity 6896K, committed 7040K, reserved 1056768K
  class space    used 584K, capacity 616K, committed 640K, reserved 1048576K
}
Event: 6.917 GC heap before
{Heap before GC invocations=12 (full 0):
 PSYoungGen      total 16384K, used 15353K [0x00000000eab00000, 0x00000000ec700000, 0x0000000100000000)
  eden space 13312K, 100% used [0x00000000eab00000,0x00000000eb800000,0x00000000eb800000)
  from space 3072K, 66% used [0x00000000eb800000,0x00000000eb9fe5a8,0x00000000ebb00000)
  to   space 3584K, 0% used [0x00000000ec380000,0x00000000ec380000,0x00000000ec700000)
 ParOldGen       total 64000K, used 5856K [0x00000000c0000000, 0x00000000c3e80000, 0x00000000eab00000)
  object space 64000K, 9% used [0x00000000c0000000,0x00000000c05b83a8,0x00000000c3e80000)
 Metaspace       used 5747K, capacity 6896K, committed 7040K, reserved 1056768K
  class space    used 585K, capacity 616K, committed 640K, reserved 1048576K
Event: 7.168 GC heap after
Heap after GC invocations=12 (full 0):
 PSYoungGen      total 25088K, used 1984K [0x00000000eab00000, 0x00000000ec700000, 0x0000000100000000)
  eden space 21504K, 0% used [0x00000000eab00000,0x00000000eab00000,0x00000000ec000000)
  from space 3584K, 55% used [0x00000000ec380000,0x00000000ec570010,0x00000000ec700000)
  to   space 3584K, 0% used [0x00000000ec000000,0x00000000ec000000,0x00000000ec380000)
 ParOldGen       total 64000K, used 7695K [0x00000000c0000000, 0x00000000c3e80000, 0x00000000eab00000)
  object space 64000K, 12% used [0x00000000c0000000,0x00000000c0783ca0,0x00000000c3e80000)
 Metaspace       used 5747K, capacity 6896K, committed 7040K, reserved 1056768K
  class space    used 585K, capacity 616K, committed 640K, reserved 1048576K
}
Event: 7.829 GC heap before
{Heap before GC invocations=13 (full 0):
 PSYoungGen      total 25088K, used 23488K [0x00000000eab00000, 0x00000000ec700000, 0x0000000100000000)
  eden space 21504K, 100% used [0x00000000eab00000,0x00000000ec000000,0x00000000ec000000)
  from space 3584K, 55% used [0x00000000ec380000,0x00000000ec570010,0x00000000ec700000)
  to   space 3584K, 0% used [0x00000000ec000000,0x00000000ec000000,0x00000000ec380000)
 ParOldGen       total 64000K, used 7695K [0x00000000c0000000, 0x00000000c3e80000, 0x00000000eab00000)
  object space 64000K, 12% used [0x00000000c0000000,0x00000000c0783ca0,0x00000000c3e80000)
 Metaspace       used 5790K, capacity 6960K, committed 7040K, reserved 1056768K
  class space    used 585K, capacity 616K, committed 640K, reserved 1048576K
Event: 7.896 GC heap after
Heap after GC invocations=13 (full 0):
 PSYoungGen      total 25088K, used 3579K [0x00000000eab00000, 0x00000000ed600000, 0x0000000100000000)
  eden space 21504K, 0% used [0x00000000eab00000,0x00000000eab00000,0x00000000ec000000)
  from space 3584K, 99% used [0x00000000ec000000,0x00000000ec37ef20,0x00000000ec380000)
  to   space 4608K, 0% used [0x00000000ed180000,0x00000000ed180000,0x00000000ed600000)
 ParOldGen       total 64000K, used 9937K [0x00000000c0000000, 0x00000000c3e80000, 0x00000000eab00000)
  object space 64000K, 15% used [0x00000000c0000000,0x00000000c09b44e0,0x00000000c3e80000)
 Metaspace       used 5790K, capacity 6960K, committed 7040K, reserved 1056768K
  class space    used 585K, capacity 616K, committed 640K, reserved 1048576K
}

Deoptimization events (10 events):
Event: 7.645 Thread 0x0000000016c04000 Uncommon trap: reason=class_check action=maybe_recompile pc=0x0000000002be5a24 method=java.util.HashMap.putVal(ILjava/lang/Object;Ljava/lang/Object;ZZ)Ljava/lang/Object; @ 203
Event: 7.646 Thread 0x0000000016c04000 Uncommon trap: reason=bimorphic action=maybe_recompile pc=0x00000000029ea244 method=java.util.HashMap.getNode(ILjava/lang/Object;)Ljava/util/HashMap$Node; @ 126
Event: 7.788 Thread 0x0000000001e5e000 Uncommon trap: reason=unloaded action=reinterpret pc=0x0000000002c13520 method=com.android.dx.cf.cst.ConstantPoolParser.parse0(ILjava/util/BitSet;)Lcom/android/dx/rop/cst/Constant; @ 220
Event: 8.043 Thread 0x0000000016bdf000 Uncommon trap: reason=unreached action=reinterpret pc=0x00000000029ea22c method=java.util.HashMap.getNode(ILjava/lang/Object;)Ljava/util/HashMap$Node; @ 84
Event: 8.045 Thread 0x0000000016bdf000 Uncommon trap: reason=unreached action=reinterpret pc=0x00000000029aa9a4 method=java.util.HashMap.getNode(ILjava/lang/Object;)Ljava/util/HashMap$Node; @ 84
Event: 8.059 Thread 0x0000000016bdf000 Uncommon trap: reason=unloaded action=reinterpret pc=0x0000000002d0d474 method=com.android.dx.ssa.LiteralOpUpgrader$1.visitNonMoveInsn(Lcom/android/dx/ssa/NormalSsaInsn;)V @ 72
Event: 8.060 Thread 0x0000000016bdf000 Uncommon trap: reason=unreached action=reinterpret pc=0x0000000002af50cc method=com.android.dx.ssa.SsaMethod.updateOneDefinition(Lcom/android/dx/ssa/SsaInsn;Lcom/android/dx/rop/code/RegisterSpec;)V @ 4
Event: 8.065 Thread 0x0000000016bdf000 Uncommon trap: reason=unreached action=reinterpret pc=0x0000000002a02f34 method=java.util.HashMap.putVal(ILjava/lang/Object;Ljava/lang/Object;ZZ)Ljava/lang/Object; @ 109
Event: 8.153 Thread 0x0000000016c04000 Uncommon trap: reason=unreached action=reinterpret pc=0x0000000002c33f14 method=java.util.HashMap.putVal(ILjava/lang/Object;Ljava/lang/Object;ZZ)Ljava/lang/Object; @ 109
Event: 8.157 Thread 0x0000000016c04000 Uncommon trap: reason=unreached action=reinterpret pc=0x0000000002d29958 method=java.util.HashMap.resize()[Ljava/util/HashMap$Node; @ 206

Internal exceptions (10 events):
Event: 2.121 Thread 0x0000000016bdf000 Exception <a 'java/security/PrivilegedActionException'> (0x00000000eac9d820) thrown at [D:\re\workspace\8-2-build-windows-amd64-cygwin\jdk8\2238\hotspot\src\share\vm\prims\jvm.cpp, line 1248]
Event: 2.175 Thread 0x0000000016bdf000 Implicit null exception at 0x0000000002a33340 to 0x0000000002a35199
Event: 3.233 Thread 0x0000000001e5e000 Exception <a 'java/security/PrivilegedActionException'> (0x00000000eb029460) thrown at [D:\re\workspace\8-2-build-windows-amd64-cygwin\jdk8\2238\hotspot\src\share\vm\prims\jvm.cpp, line 1248]
Event: 4.412 Thread 0x0000000016c04000 Exception <a 'java/security/PrivilegedActionException'> (0x00000000eacb8b60) thrown at [D:\re\workspace\8-2-build-windows-amd64-cygwin\jdk8\2238\hotspot\src\share\vm\prims\jvm.cpp, line 1248]
Event: 4.701 Thread 0x0000000001e5e000 Exception <a 'java/security/PrivilegedActionException'> (0x00000000eb529a90) thrown at [D:\re\workspace\8-2-build-windows-amd64-cygwin\jdk8\2238\hotspot\src\share\vm\prims\jvm.cpp, line 1248]
Event: 6.029 Thread 0x0000000001e5e000 Exception <a 'java/security/PrivilegedActionException'> (0x00000000eb5858b0) thrown at [D:\re\workspace\8-2-build-windows-amd64-cygwin\jdk8\2238\hotspot\src\share\vm\prims\jvm.cpp, line 1248]
Event: 8.041 Thread 0x0000000016bdf000 Exception <a 'java/lang/ArrayIndexOutOfBoundsException': 18> (0x00000000eb615500) thrown at [D:\re\workspace\8-2-build-windows-amd64-cygwin\jdk8\2238\hotspot\src\share\vm\interpreter\interpreterRuntime.cpp, line 337]
Event: 8.042 Thread 0x0000000016bdf000 Exception <a 'java/lang/ArrayIndexOutOfBoundsException': 145> (0x00000000eb616f98) thrown at [D:\re\workspace\8-2-build-windows-amd64-cygwin\jdk8\2238\hotspot\src\share\vm\interpreter\interpreterRuntime.cpp, line 337]
Event: 8.042 Thread 0x0000000016bdf000 Exception <a 'java/lang/ArrayIndexOutOfBoundsException': 40> (0x00000000eb6181b0) thrown at [D:\re\workspace\8-2-build-windows-amd64-cygwin\jdk8\2238\hotspot\src\share\vm\interpreter\interpreterRuntime.cpp, line 337]
Event: 8.059 Thread 0x0000000016bdf000 Exception <a 'java/security/PrivilegedActionException'> (0x00000000eb7a0d18) thrown at [D:\re\workspace\8-2-build-windows-amd64-cygwin\jdk8\2238\hotspot\src\share\vm\prims\jvm.cpp, line 1248]

Events (10 events):
Event: 8.065 Thread 0x0000000016bdf000 DEOPT PACKING pc=0x0000000002a02f34 sp=0x00000000174be610
Event: 8.065 Thread 0x0000000016bdf000 DEOPT UNPACKING pc=0x00000000028055af sp=0x00000000174be4a8 mode 2
Event: 8.116 Thread 0x0000000016bdf000 DEOPT PACKING pc=0x0000000002bb3014 sp=0x00000000174be8a0
Event: 8.116 Thread 0x0000000016bdf000 DEOPT UNPACKING pc=0x0000000002807604 sp=0x00000000174be630 mode 0
Event: 8.153 Thread 0x0000000016c04000 Uncommon trap: trap_request=0xffffffad fr.pc=0x0000000002c33f14
Event: 8.153 Thread 0x0000000016c04000 DEOPT PACKING pc=0x0000000002c33f14 sp=0x0000000016eae6f0
Event: 8.153 Thread 0x0000000016c04000 DEOPT UNPACKING pc=0x00000000028055af sp=0x0000000016eae620 mode 2
Event: 8.157 Thread 0x0000000016c04000 Uncommon trap: trap_request=0xffffffad fr.pc=0x0000000002d29958
Event: 8.157 Thread 0x0000000016c04000 DEOPT PACKING pc=0x0000000002d29958 sp=0x0000000016eae5d0
Event: 8.157 Thread 0x0000000016c04000 DEOPT UNPACKING pc=0x00000000028055af sp=0x0000000016eae538 mode 2


Dynamic libraries:
0x000000013fa20000 - 0x000000013fa54000 	C:\Program Files\Java\jdk1.8.0\bin\java.exe
0x00000000773e0000 - 0x0000000077589000 	C:\Windows\SYSTEM32\ntdll.dll
0x00000000771c0000 - 0x00000000772e0000 	C:\Windows\system32\kernel32.dll
0x000007fefd2d0000 - 0x000007fefd33c000 	C:\Windows\system32\KERNELBASE.dll
0x000007fefe460000 - 0x000007fefe53b000 	C:\Windows\system32\ADVAPI32.dll
0x000007feff520000 - 0x000007feff5bf000 	C:\Windows\system32\msvcrt.dll
0x000007fefe5b0000 - 0x000007fefe5cf000 	C:\Windows\SYSTEM32\sechost.dll
0x000007feff5c0000 - 0x000007feff6ed000 	C:\Windows\system32\RPCRT4.dll
0x00000000772e0000 - 0x00000000773da000 	C:\Windows\system32\USER32.dll
0x000007fefe540000 - 0x000007fefe5a7000 	C:\Windows\system32\GDI32.dll
0x000007fefd9c0000 - 0x000007fefd9ce000 	C:\Windows\system32\LPK.dll
0x000007fefd9d0000 - 0x000007fefda99000 	C:\Windows\system32\USP10.dll
0x000007fefbe40000 - 0x000007fefc034000 	C:\Windows\WinSxS\amd64_microsoft.windows.common-controls_6595b64144ccf1df_6.0.7601.18837_none_fa3b1e3d17594757\COMCTL32.dll
0x000007fefe3e0000 - 0x000007fefe451000 	C:\Windows\system32\SHLWAPI.dll
0x000007fefe000000 - 0x000007fefe02e000 	C:\Windows\system32\IMM32.DLL
0x000007fefe660000 - 0x000007fefe769000 	C:\Windows\system32\MSCTF.dll
0x0000000066b00000 - 0x0000000066bd2000 	C:\Program Files\Java\jdk1.8.0\jre\bin\msvcr100.dll
0x0000000053d00000 - 0x000000005452a000 	C:\Program Files\Java\jdk1.8.0\jre\bin\server\jvm.dll
0x000007fefc980000 - 0x000007fefc989000 	C:\Windows\system32\WSOCK32.dll
0x000007fefe2b0000 - 0x000007fefe2fd000 	C:\Windows\system32\WS2_32.dll
0x000007fefe650000 - 0x000007fefe658000 	C:\Windows\system32\NSI.dll
0x000007fefb370000 - 0x000007fefb3ab000 	C:\Windows\system32\WINMM.dll
0x00000000775b0000 - 0x00000000775b7000 	C:\Windows\system32\PSAPI.DLL
0x0000000074000000 - 0x000000007400f000 	C:\Program Files\Java\jdk1.8.0\jre\bin\verify.dll
0x0000000073fd0000 - 0x0000000073ff8000 	C:\Program Files\Java\jdk1.8.0\jre\bin\java.dll
0x0000000073fb0000 - 0x0000000073fc6000 	C:\Program Files\Java\jdk1.8.0\jre\bin\zip.dll
0x000007fefe790000 - 0x000007feff519000 	C:\Windows\system32\SHELL32.dll
0x000007fefd540000 - 0x000007fefd743000 	C:\Windows\system32\ole32.dll
0x000007fefd190000 - 0x000007fefd19f000 	C:\Windows\system32\profapi.dll
0x000007fedeb40000 - 0x000007fedec65000 	C:\Windows\system32\dbghelp.dll

VM Arguments:
jvm_args: -Xmx1024M -Dfile.encoding=windows-1252 -Duser.country=US -Duser.language=en -Duser.variant 
java_command: com.android.dx.command.Main --dex --num-threads=4 --output C:\Users\Donner\AndroidStudioProjects\TransportActiveAgeing\app\build\intermediates\pre-dexed\debug\classes-0bdcf8d35009840f4c19505fef6d94619b75ebb4.jar C:\Users\Donner\AndroidStudioProjects\TransportActiveAgeing\app\build\intermediates\exploded-aar\com.android.support\appcompat-v7\23.1.0\jars\classes.jar
java_class_path (initial): C:\Users\Donner\AppData\Local\Android\sdk\build-tools\23.0.1\lib\dx.jar
Launcher Type: SUN_STANDARD

Environment Variables:
JAVA_HOME=C:\Program Files\Java\jdk1.8.0
PATH=C:\Windows\System32;C:\Windows\System32
USERNAME=Donner
OS=Windows_NT
PROCESSOR_IDENTIFIER=Intel64 Family 6 Model 58 Stepping 9, GenuineIntel



---------------  S Y S T E M  ---------------

OS: Windows 7 , 64 bit Build 7601 Service Pack 1

CPU:total 4 (2 cores per cpu, 2 threads per core) family 6 model 58 stepping 9, cmov, cx8, fxsr, mmx, sse, sse2, sse3, ssse3, sse4.1, sse4.2, popcnt, avx, aes, clmul, erms, ht, tsc, tscinvbit

Memory: 4k page, physical 4096804k(485292k free), swap 6715220k(5136k free)

vm_info: Java HotSpot(TM) 64-Bit Server VM (25.0-b70) for windows-amd64 JRE (1.8.0-b132), built on Mar  4 2014 03:46:18 by "java_re" with MS VC++ 10.0 (VS2010)

time: Thu Nov 12 18:58:48 2015
elapsed time: 8 seconds

